[2022-10-27T01:03:33.306Z] Log level: Info
[2022-10-27T01:03:33.317Z] [info] Validating found git in: git
[2022-10-27T01:03:33.460Z] [info] Using git 2.25.1 from git
[2022-10-27T01:03:33.597Z] > git rev-parse --show-toplevel [97ms]
[2022-10-27T01:03:33.597Z] fatal: not a git repository (or any of the parent directories): .git
[2022-10-27T01:03:33.669Z] > git rev-parse --show-toplevel [43ms]
[2022-10-27T01:03:33.669Z] fatal: not a git repository (or any of the parent directories): .git
[2022-10-27T01:03:33.715Z] > git rev-parse --show-toplevel [20ms]
[2022-10-27T01:03:33.715Z] fatal: not a git repository (or any of the parent directories): .git
[2022-10-27T01:03:33.780Z] > git rev-parse --show-toplevel [23ms]
[2022-10-27T01:03:33.815Z] > git rev-parse --git-dir --git-common-dir [4ms]
[2022-10-27T01:03:33.823Z] [info] Open repository: /home/zeljkomaric95/.nvm
[2022-10-27T01:03:33.899Z] > git rev-parse --show-toplevel [16ms]
[2022-10-27T01:03:33.899Z] fatal: not a git repository (or any of the parent directories): .git
[2022-10-27T01:03:33.952Z] > git rev-parse --show-toplevel [9ms]
[2022-10-27T01:03:33.952Z] fatal: not a git repository (or any of the parent directories): .git
[2022-10-27T01:03:34.147Z] > git status -z -uall [293ms]
[2022-10-27T01:03:34.180Z] > git symbolic-ref --short HEAD [7ms]
[2022-10-27T01:03:34.180Z] fatal: ref HEAD is not a symbolic ref
[2022-10-27T01:03:34.224Z] > git rev-parse HEAD [7ms]
[2022-10-27T01:03:34.289Z] > git remote --verbose [9ms]
[2022-10-27T01:03:34.295Z] > git for-each-ref --sort -committerdate --format %(refname) %(objectname) %(*objectname) [48ms]
[2022-10-27T01:03:34.339Z] > git config --get commit.template [8ms]
[2022-10-27T01:03:34.401Z] > git status -z -uall [32ms]
[2022-10-27T01:03:34.445Z] > git symbolic-ref --short HEAD [11ms]
[2022-10-27T01:03:34.445Z] fatal: ref HEAD is not a symbolic ref
[2022-10-27T01:03:34.501Z] > git rev-parse HEAD [28ms]
[2022-10-27T01:03:34.561Z] > git check-ignore -v -z --stdin [63ms]
[2022-10-27T01:03:34.564Z] > git for-each-ref --sort -committerdate --format %(refname) %(objectname) %(*objectname) [34ms]
[2022-10-27T01:03:34.565Z] > git remote --verbose [8ms]
[2022-10-27T01:03:34.607Z] > git config --get commit.template [6ms]
[2022-10-27T01:04:55.477Z] > git rev-parse --show-toplevel [13ms]
[2022-10-27T01:04:55.502Z] > git rev-parse --git-dir --git-common-dir [6ms]
[2022-10-27T01:04:55.507Z] [info] Open repository: /home/zeljkomaric95
[2022-10-27T01:04:56.614Z] > git status -z -uall [1088ms]
[2022-10-27T01:04:56.639Z] > git symbolic-ref --short HEAD [5ms]
[2022-10-27T01:04:56.663Z] > git for-each-ref --format=%(refname)%00%(upstream:short)%00%(objectname)%00%(upstream:track)%00%(upstream:remotename)%00%(upstream:remoteref) refs/heads/master refs/remotes/master [5ms]
[2022-10-27T01:04:56.704Z] > git for-each-ref --sort -committerdate --format %(refname) %(objectname) %(*objectname) [21ms]
[2022-10-27T01:04:56.707Z] > git remote --verbose [6ms]
[2022-10-27T01:04:57.416Z] > git config --get commit.template [573ms]
[2022-10-27T01:05:00.259Z] > git status -z -uall [342ms]
[2022-10-27T01:05:00.292Z] > git symbolic-ref --short HEAD [5ms]
[2022-10-27T01:05:00.324Z] > git for-each-ref --format=%(refname)%00%(upstream:short)%00%(objectname)%00%(upstream:track)%00%(upstream:remotename)%00%(upstream:remoteref) refs/heads/master refs/remotes/master [5ms]
[2022-10-27T01:05:00.385Z] > git for-each-ref --sort -committerdate --format %(refname) %(objectname) %(*objectname) [29ms]
[2022-10-27T01:05:00.388Z] > git remote --verbose [7ms]
[2022-10-27T01:05:00.499Z] > git config --get commit.template [7ms]
[2022-10-27T01:05:06.664Z] > git status -z -uall [351ms]
[2022-10-27T01:05:06.705Z] > git symbolic-ref --short HEAD [6ms]
[2022-10-27T01:05:06.741Z] > git for-each-ref --format=%(refname)%00%(upstream:short)%00%(objectname)%00%(upstream:track)%00%(upstream:remotename)%00%(upstream:remoteref) refs/heads/master refs/remotes/master [6ms]
[2022-10-27T01:05:06.801Z] > git for-each-ref --sort -committerdate --format %(refname) %(objectname) %(*objectname) [31ms]
[2022-10-27T01:05:06.804Z] > git remote --verbose [5ms]
[2022-10-27T01:05:06.913Z] > git config --get commit.template [6ms]
[2022-10-27T01:05:12.263Z] > git status -z -uall [317ms]
[2022-10-27T01:05:12.306Z] > git symbolic-ref --short HEAD [10ms]
[2022-10-27T01:05:12.350Z] > git for-each-ref --format=%(refname)%00%(upstream:short)%00%(objectname)%00%(upstream:track)%00%(upstream:remotename)%00%(upstream:remoteref) refs/heads/master refs/remotes/master [5ms]
[2022-10-27T01:05:12.410Z] > git for-each-ref --sort -committerdate --format %(refname) %(objectname) %(*objectname) [31ms]
[2022-10-27T01:05:12.414Z] > git remote --verbose [5ms]
[2022-10-27T01:05:12.524Z] > git config --get commit.template [6ms]
[2022-10-27T01:05:27.275Z] > git status -z -uall [406ms]
[2022-10-27T01:05:27.314Z] > git symbolic-ref --short HEAD [5ms]
[2022-10-27T01:05:27.351Z] > git for-each-ref --format=%(refname)%00%(upstream:short)%00%(objectname)%00%(upstream:track)%00%(upstream:remotename)%00%(upstream:remoteref) refs/heads/master refs/remotes/master [5ms]
[2022-10-27T01:05:27.437Z] > git for-each-ref --sort -committerdate --format %(refname) %(objectname) %(*objectname) [47ms]
[2022-10-27T01:05:27.439Z] > git remote --verbose [5ms]
[2022-10-27T01:05:27.552Z] > git config --get commit.template [17ms]
[2022-10-27T01:05:32.981Z] > git status -z -uall [395ms]
[2022-10-27T01:05:33.024Z] > git symbolic-ref --short HEAD [5ms]
[2022-10-27T01:05:33.073Z] > git for-each-ref --format=%(refname)%00%(upstream:short)%00%(objectname)%00%(upstream:track)%00%(upstream:remotename)%00%(upstream:remoteref) refs/heads/master refs/remotes/master [5ms]
[2022-10-27T01:05:33.150Z] > git for-each-ref --sort -committerdate --format %(refname) %(objectname) %(*objectname) [44ms]
[2022-10-27T01:05:33.153Z] > git remote --verbose [5ms]
[2022-10-27T01:05:33.824Z] > git config --get commit.template [536ms]
[2022-10-27T01:05:39.198Z] > git status -z -uall [339ms]
[2022-10-27T01:05:39.235Z] > git symbolic-ref --short HEAD [5ms]
[2022-10-27T01:05:39.279Z] > git for-each-ref --format=%(refname)%00%(upstream:short)%00%(objectname)%00%(upstream:track)%00%(upstream:remotename)%00%(upstream:remoteref) refs/heads/master refs/remotes/master [5ms]
[2022-10-27T01:05:39.344Z] > git for-each-ref --sort -committerdate --format %(refname) %(objectname) %(*objectname) [33ms]
[2022-10-27T01:05:39.348Z] > git remote --verbose [7ms]
[2022-10-27T01:05:39.478Z] > git config --get commit.template [13ms]
[2022-10-27T01:05:44.844Z] > git status -z -uall [326ms]
[2022-10-27T01:05:44.891Z] > git symbolic-ref --short HEAD [7ms]
[2022-10-27T01:05:44.932Z] > git for-each-ref --format=%(refname)%00%(upstream:short)%00%(objectname)%00%(upstream:track)%00%(upstream:remotename)%00%(upstream:remoteref) refs/heads/master refs/remotes/master [5ms]
[2022-10-27T01:05:45.006Z] > git for-each-ref --sort -committerdate --format %(refname) %(objectname) %(*objectname) [38ms]
[2022-10-27T01:05:45.011Z] > git remote --verbose [11ms]
[2022-10-27T01:05:45.112Z] > git config --get commit.template [5ms]
[2022-10-27T01:05:51.694Z] > git status -z -uall [413ms]
[2022-10-27T01:05:51.740Z] > git symbolic-ref --short HEAD [9ms]
[2022-10-27T01:05:51.778Z] > git for-each-ref --format=%(refname)%00%(upstream:short)%00%(objectname)%00%(upstream:track)%00%(upstream:remotename)%00%(upstream:remoteref) refs/heads/master refs/remotes/master [5ms]
[2022-10-27T01:05:51.855Z] > git for-each-ref --sort -committerdate --format %(refname) %(objectname) %(*objectname) [42ms]
[2022-10-27T01:05:51.857Z] > git remote --verbose [5ms]
[2022-10-27T01:05:52.421Z] > git config --get commit.template [460ms]
[2022-10-27T01:05:57.784Z] > git status -z -uall [319ms]
[2022-10-27T01:05:57.840Z] > git symbolic-ref --short HEAD [5ms]
[2022-10-27T01:05:57.885Z] > git for-each-ref --format=%(refname)%00%(upstream:short)%00%(objectname)%00%(upstream:track)%00%(upstream:remotename)%00%(upstream:remoteref) refs/heads/master refs/remotes/master [5ms]
[2022-10-27T01:05:57.964Z] > git for-each-ref --sort -committerdate --format %(refname) %(objectname) %(*objectname) [41ms]
[2022-10-27T01:05:57.967Z] > git remote --verbose [5ms]
[2022-10-27T01:05:58.534Z] > git config --get commit.template [460ms]
[2022-10-27T01:06:03.896Z] > git status -z -uall [318ms]
[2022-10-27T01:06:03.984Z] > git symbolic-ref --short HEAD [36ms]
[2022-10-27T01:06:04.021Z] > git for-each-ref --format=%(refname)%00%(upstream:short)%00%(objectname)%00%(upstream:track)%00%(upstream:remotename)%00%(upstream:remoteref) refs/heads/master refs/remotes/master [6ms]
[2022-10-27T01:06:04.085Z] > git for-each-ref --sort -committerdate --format %(refname) %(objectname) %(*objectname) [33ms]
[2022-10-27T01:06:04.088Z] > git remote --verbose [6ms]
[2022-10-27T01:06:04.201Z] > git config --get commit.template [20ms]
[2022-10-27T01:06:09.559Z] > git status -z -uall [324ms]
[2022-10-27T01:06:09.604Z] > git symbolic-ref --short HEAD [9ms]
[2022-10-27T01:06:09.642Z] > git for-each-ref --format=%(refname)%00%(upstream:short)%00%(objectname)%00%(upstream:track)%00%(upstream:remotename)%00%(upstream:remoteref) refs/heads/master refs/remotes/master [7ms]
[2022-10-27T01:06:09.701Z] > git for-each-ref --sort -committerdate --format %(refname) %(objectname) %(*objectname) [30ms]
[2022-10-27T01:06:09.706Z] > git remote --verbose [8ms]
[2022-10-27T01:06:09.813Z] > git config --get commit.template [7ms]
[2022-10-27T01:06:15.151Z] > git status -z -uall [301ms]
[2022-10-27T01:06:15.192Z] > git symbolic-ref --short HEAD [5ms]
[2022-10-27T01:06:15.236Z] > git for-each-ref --format=%(refname)%00%(upstream:short)%00%(objectname)%00%(upstream:track)%00%(upstream:remotename)%00%(upstream:remoteref) refs/heads/master refs/remotes/master [7ms]
[2022-10-27T01:06:15.309Z] > git for-each-ref --sort -committerdate --format %(refname) %(objectname) %(*objectname) [36ms]
[2022-10-27T01:06:15.312Z] > git remote --verbose [5ms]
[2022-10-27T01:06:15.413Z] > git config --get commit.template [6ms]
[2022-10-27T01:06:20.774Z] > git status -z -uall [322ms]
[2022-10-27T01:06:20.823Z] > git symbolic-ref --short HEAD [6ms]
[2022-10-27T01:06:20.864Z] > git for-each-ref --format=%(refname)%00%(upstream:short)%00%(objectname)%00%(upstream:track)%00%(upstream:remotename)%00%(upstream:remoteref) refs/heads/master refs/remotes/master [5ms]
[2022-10-27T01:06:20.935Z] > git for-each-ref --sort -committerdate --format %(refname) %(objectname) %(*objectname) [37ms]
[2022-10-27T01:06:20.938Z] > git remote --verbose [8ms]
[2022-10-27T01:06:21.042Z] > git config --get commit.template [4ms]
[2022-10-27T01:06:26.384Z] > git status -z -uall [300ms]
[2022-10-27T01:06:26.428Z] > git symbolic-ref --short HEAD [6ms]
[2022-10-27T01:06:26.485Z] > git for-each-ref --format=%(refname)%00%(upstream:short)%00%(objectname)%00%(upstream:track)%00%(upstream:remotename)%00%(upstream:remoteref) refs/heads/master refs/remotes/master [14ms]
[2022-10-27T01:06:26.556Z] > git for-each-ref --sort -committerdate --format %(refname) %(objectname) %(*objectname) [36ms]
[2022-10-27T01:06:26.559Z] > git remote --verbose [5ms]
[2022-10-27T01:06:27.118Z] > git config --get commit.template [465ms]
[2022-10-27T01:06:32.528Z] > git status -z -uall [363ms]
[2022-10-27T01:06:32.587Z] > git symbolic-ref --short HEAD [5ms]
[2022-10-27T01:06:32.640Z] > git for-each-ref --format=%(refname)%00%(upstream:short)%00%(objectname)%00%(upstream:track)%00%(upstream:remotename)%00%(upstream:remoteref) refs/heads/master refs/remotes/master [6ms]
[2022-10-27T01:06:32.745Z] > git for-each-ref --sort -committerdate --format %(refname) %(objectname) %(*objectname) [62ms]
[2022-10-27T01:06:32.751Z] > git remote --verbose [12ms]
[2022-10-27T01:06:32.908Z] > git config --get commit.template [7ms]
[2022-10-27T01:06:38.280Z] > git status -z -uall [329ms]
[2022-10-27T01:06:38.330Z] > git symbolic-ref --short HEAD [5ms]
[2022-10-27T01:06:38.383Z] > git for-each-ref --format=%(refname)%00%(upstream:short)%00%(objectname)%00%(upstream:track)%00%(upstream:remotename)%00%(upstream:remoteref) refs/heads/master refs/remotes/master [4ms]
[2022-10-27T01:06:38.481Z] > git for-each-ref --sort -committerdate --format %(refname) %(objectname) %(*objectname) [54ms]
[2022-10-27T01:06:38.485Z] > git remote --verbose [9ms]
[2022-10-27T01:06:39.105Z] > git config --get commit.template [490ms]
[2022-10-27T01:06:44.543Z] > git status -z -uall [400ms]
[2022-10-27T01:06:44.585Z] > git symbolic-ref --short HEAD [5ms]
[2022-10-27T01:06:44.629Z] > git for-each-ref --format=%(refname)%00%(upstream:short)%00%(objectname)%00%(upstream:track)%00%(upstream:remotename)%00%(upstream:remoteref) refs/heads/master refs/remotes/master [8ms]
[2022-10-27T01:06:44.693Z] > git for-each-ref --sort -committerdate --format %(refname) %(objectname) %(*objectname) [33ms]
[2022-10-27T01:06:44.697Z] > git remote --verbose [7ms]
[2022-10-27T01:06:44.799Z] > git config --get commit.template [8ms]
[2022-10-27T01:06:50.182Z] > git status -z -uall [343ms]
[2022-10-27T01:06:50.229Z] > git symbolic-ref --short HEAD [6ms]
[2022-10-27T01:06:50.267Z] > git for-each-ref --format=%(refname)%00%(upstream:short)%00%(objectname)%00%(upstream:track)%00%(upstream:remotename)%00%(upstream:remoteref) refs/heads/master refs/remotes/master [5ms]
[2022-10-27T01:06:50.336Z] > git for-each-ref --sort -committerdate --format %(refname) %(objectname) %(*objectname) [37ms]
[2022-10-27T01:06:50.338Z] > git remote --verbose [6ms]
[2022-10-27T01:06:50.438Z] > git config --get commit.template [4ms]
[2022-10-27T01:06:56.815Z] > git status -z -uall [309ms]
[2022-10-27T01:06:56.864Z] > git symbolic-ref --short HEAD [11ms]
[2022-10-27T01:06:56.911Z] > git for-each-ref --format=%(refname)%00%(upstream:short)%00%(objectname)%00%(upstream:track)%00%(upstream:remotename)%00%(upstream:remoteref) refs/heads/master refs/remotes/master [7ms]
[2022-10-27T01:06:56.982Z] > git for-each-ref --sort -committerdate --format %(refname) %(objectname) %(*objectname) [37ms]
[2022-10-27T01:06:56.986Z] > git remote --verbose [6ms]
[2022-10-27T01:06:57.605Z] > git config --get commit.template [495ms]
[2022-10-27T01:07:02.977Z] > git status -z -uall [308ms]
[2022-10-27T01:07:03.032Z] > git symbolic-ref --short HEAD [7ms]
[2022-10-27T01:07:03.085Z] > git for-each-ref --format=%(refname)%00%(upstream:short)%00%(objectname)%00%(upstream:track)%00%(upstream:remotename)%00%(upstream:remoteref) refs/heads/master refs/remotes/master [13ms]
[2022-10-27T01:07:03.161Z] > git for-each-ref --sort -committerdate --format %(refname) %(objectname) %(*objectname) [39ms]
[2022-10-27T01:07:03.164Z] > git remote --verbose [7ms]
[2022-10-27T01:07:03.272Z] > git config --get commit.template [9ms]
[2022-10-27T01:07:08.634Z] > git status -z -uall [317ms]
[2022-10-27T01:07:08.691Z] > git symbolic-ref --short HEAD [5ms]
[2022-10-27T01:07:08.740Z] > git for-each-ref --format=%(refname)%00%(upstream:short)%00%(objectname)%00%(upstream:track)%00%(upstream:remotename)%00%(upstream:remoteref) refs/heads/master refs/remotes/master [5ms]
[2022-10-27T01:07:08.822Z] > git for-each-ref --sort -committerdate --format %(refname) %(objectname) %(*objectname) [43ms]
[2022-10-27T01:07:08.826Z] > git remote --verbose [6ms]
[2022-10-27T01:07:08.945Z] > git config --get commit.template [15ms]
[2022-10-27T01:07:14.296Z] > git status -z -uall [304ms]
[2022-10-27T01:07:14.406Z] > git symbolic-ref --short HEAD [51ms]
[2022-10-27T01:07:14.443Z] > git for-each-ref --format=%(refname)%00%(upstream:short)%00%(objectname)%00%(upstream:track)%00%(upstream:remotename)%00%(upstream:remoteref) refs/heads/master refs/remotes/master [6ms]
[2022-10-27T01:07:14.505Z] > git for-each-ref --sort -committerdate --format %(refname) %(objectname) %(*objectname) [31ms]
[2022-10-27T01:07:14.509Z] > git remote --verbose [4ms]
[2022-10-27T01:07:14.618Z] > git config --get commit.template [17ms]
[2022-10-27T01:07:20.074Z] > git status -z -uall [420ms]
[2022-10-27T01:07:20.124Z] > git symbolic-ref --short HEAD [6ms]
[2022-10-27T01:07:20.164Z] > git for-each-ref --format=%(refname)%00%(upstream:short)%00%(objectname)%00%(upstream:track)%00%(upstream:remotename)%00%(upstream:remoteref) refs/heads/master refs/remotes/master [5ms]
[2022-10-27T01:07:20.240Z] > git for-each-ref --sort -committerdate --format %(refname) %(objectname) %(*objectname) [44ms]
[2022-10-27T01:07:20.243Z] > git remote --verbose [6ms]
[2022-10-27T01:07:20.956Z] > git config --get commit.template [579ms]
[2022-10-27T01:07:26.384Z] > git status -z -uall [389ms]
[2022-10-27T01:07:26.422Z] > git symbolic-ref --short HEAD [5ms]
[2022-10-27T01:07:26.461Z] > git for-each-ref --format=%(refname)%00%(upstream:short)%00%(objectname)%00%(upstream:track)%00%(upstream:remotename)%00%(upstream:remoteref) refs/heads/master refs/remotes/master [7ms]
[2022-10-27T01:07:26.526Z] > git for-each-ref --sort -committerdate --format %(refname) %(objectname) %(*objectname) [32ms]
[2022-10-27T01:07:26.531Z] > git remote --verbose [7ms]
[2022-10-27T01:07:27.161Z] > git config --get commit.template [513ms]
[2022-10-27T01:07:32.523Z] > git status -z -uall [318ms]
[2022-10-27T01:07:32.577Z] > git symbolic-ref --short HEAD [11ms]
[2022-10-27T01:07:32.620Z] > git for-each-ref --format=%(refname)%00%(upstream:short)%00%(objectname)%00%(upstream:track)%00%(upstream:remotename)%00%(upstream:remoteref) refs/heads/master refs/remotes/master [8ms]
[2022-10-27T01:07:32.691Z] > git for-each-ref --sort -committerdate --format %(refname) %(objectname) %(*objectname) [37ms]
[2022-10-27T01:07:32.694Z] > git remote --verbose [5ms]
[2022-10-27T01:07:32.798Z] > git config --get commit.template [4ms]
[2022-10-27T01:07:40.034Z] > git status -z -uall [356ms]
[2022-10-27T01:07:40.092Z] > git symbolic-ref --short HEAD [5ms]
[2022-10-27T01:07:40.172Z] > git for-each-ref --format=%(refname)%00%(upstream:short)%00%(objectname)%00%(upstream:track)%00%(upstream:remotename)%00%(upstream:remoteref) refs/heads/master refs/remotes/master [25ms]
[2022-10-27T01:07:40.274Z] > git for-each-ref --sort -committerdate --format %(refname) %(objectname) %(*objectname) [50ms]
[2022-10-27T01:07:40.278Z] > git remote --verbose [7ms]
[2022-10-27T01:07:40.903Z] > git config --get commit.template [497ms]
[2022-10-27T01:07:47.085Z] > git status -z -uall [395ms]
[2022-10-27T01:07:47.173Z] > git symbolic-ref --short HEAD [38ms]
[2022-10-27T01:07:47.208Z] > git for-each-ref --format=%(refname)%00%(upstream:short)%00%(objectname)%00%(upstream:track)%00%(upstream:remotename)%00%(upstream:remoteref) refs/heads/master refs/remotes/master [6ms]
[2022-10-27T01:07:47.273Z] > git for-each-ref --sort -committerdate --format %(refname) %(objectname) %(*objectname) [36ms]
[2022-10-27T01:07:47.274Z] > git remote --verbose [8ms]
[2022-10-27T01:07:47.952Z] > git config --get commit.template [573ms]
[2022-10-27T01:07:53.347Z] > git status -z -uall [363ms]
[2022-10-27T01:07:53.395Z] > git symbolic-ref --short HEAD [13ms]
[2022-10-27T01:07:53.446Z] > git for-each-ref --format=%(refname)%00%(upstream:short)%00%(objectname)%00%(upstream:track)%00%(upstream:remotename)%00%(upstream:remoteref) refs/heads/master refs/remotes/master [7ms]
[2022-10-27T01:07:53.525Z] > git for-each-ref --sort -committerdate --format %(refname) %(objectname) %(*objectname) [40ms]
[2022-10-27T01:07:53.528Z] > git remote --verbose [6ms]
[2022-10-27T01:07:53.629Z] > git config --get commit.template [5ms]
[2022-10-27T01:07:58.989Z] > git status -z -uall [323ms]
[2022-10-27T01:07:59.038Z] > git symbolic-ref --short HEAD [13ms]
[2022-10-27T01:07:59.076Z] > git for-each-ref --format=%(refname)%00%(upstream:short)%00%(objectname)%00%(upstream:track)%00%(upstream:remotename)%00%(upstream:remoteref) refs/heads/master refs/remotes/master [4ms]
[2022-10-27T01:07:59.142Z] > git for-each-ref --sort -committerdate --format %(refname) %(objectname) %(*objectname) [34ms]
[2022-10-27T01:07:59.145Z] > git remote --verbose [5ms]
[2022-10-27T01:07:59.243Z] > git config --get commit.template [6ms]
[2022-10-27T01:08:04.603Z] > git status -z -uall [322ms]
[2022-10-27T01:08:04.660Z] > git symbolic-ref --short HEAD [17ms]
[2022-10-27T01:08:04.703Z] > git for-each-ref --format=%(refname)%00%(upstream:short)%00%(objectname)%00%(upstream:track)%00%(upstream:remotename)%00%(upstream:remoteref) refs/heads/master refs/remotes/master [6ms]
[2022-10-27T01:08:04.768Z] > git for-each-ref --sort -committerdate --format %(refname) %(objectname) %(*objectname) [34ms]
[2022-10-27T01:08:04.771Z] > git remote --verbose [5ms]
[2022-10-27T01:08:04.871Z] > git config --get commit.template [4ms]
[2022-10-27T01:08:10.233Z] > git status -z -uall [322ms]
[2022-10-27T01:08:10.284Z] > git symbolic-ref --short HEAD [6ms]
[2022-10-27T01:08:10.330Z] > git for-each-ref --format=%(refname)%00%(upstream:short)%00%(objectname)%00%(upstream:track)%00%(upstream:remotename)%00%(upstream:remoteref) refs/heads/master refs/remotes/master [10ms]
[2022-10-27T01:08:10.404Z] > git for-each-ref --sort -committerdate --format %(refname) %(objectname) %(*objectname) [39ms]
[2022-10-27T01:08:10.406Z] > git remote --verbose [4ms]
[2022-10-27T01:08:10.524Z] > git config --get commit.template [19ms]
[2022-10-27T01:08:15.874Z] > git status -z -uall [307ms]
[2022-10-27T01:08:15.934Z] > git symbolic-ref --short HEAD [10ms]
[2022-10-27T01:08:15.983Z] > git for-each-ref --format=%(refname)%00%(upstream:short)%00%(objectname)%00%(upstream:track)%00%(upstream:remotename)%00%(upstream:remoteref) refs/heads/master refs/remotes/master [8ms]
[2022-10-27T01:08:16.064Z] > git for-each-ref --sort -committerdate --format %(refname) %(objectname) %(*objectname) [43ms]
[2022-10-27T01:08:16.066Z] > git remote --verbose [5ms]
[2022-10-27T01:08:16.181Z] > git config --get commit.template [14ms]
[2022-10-27T01:08:21.566Z] > git status -z -uall [339ms]
[2022-10-27T01:08:21.625Z] > git symbolic-ref --short HEAD [6ms]
[2022-10-27T01:08:21.706Z] > git for-each-ref --format=%(refname)%00%(upstream:short)%00%(objectname)%00%(upstream:track)%00%(upstream:remotename)%00%(upstream:remoteref) refs/heads/master refs/remotes/master [39ms]
[2022-10-27T01:08:21.774Z] > git for-each-ref --sort -committerdate --format %(refname) %(objectname) %(*objectname) [37ms]
[2022-10-27T01:08:21.776Z] > git remote --verbose [6ms]
[2022-10-27T01:08:22.420Z] > git config --get commit.template [549ms]
[2022-10-27T01:08:27.789Z] > git status -z -uall [335ms]
[2022-10-27T01:08:27.832Z] > git symbolic-ref --short HEAD [6ms]
[2022-10-27T01:08:27.869Z] > git for-each-ref --format=%(refname)%00%(upstream:short)%00%(objectname)%00%(upstream:track)%00%(upstream:remotename)%00%(upstream:remoteref) refs/heads/master refs/remotes/master [6ms]
[2022-10-27T01:08:27.931Z] > git for-each-ref --sort -committerdate --format %(refname) %(objectname) %(*objectname) [31ms]
[2022-10-27T01:08:27.935Z] > git remote --verbose [6ms]
[2022-10-27T01:08:28.044Z] > git config --get commit.template [5ms]
[2022-10-27T01:08:33.404Z] > git status -z -uall [325ms]
[2022-10-27T01:08:33.451Z] > git symbolic-ref --short HEAD [7ms]
[2022-10-27T01:08:33.490Z] > git for-each-ref --format=%(refname)%00%(upstream:short)%00%(objectname)%00%(upstream:track)%00%(upstream:remotename)%00%(upstream:remoteref) refs/heads/master refs/remotes/master [6ms]
[2022-10-27T01:08:33.551Z] > git for-each-ref --sort -committerdate --format %(refname) %(objectname) %(*objectname) [31ms]
[2022-10-27T01:08:33.554Z] > git remote --verbose [5ms]
[2022-10-27T01:08:33.659Z] > git config --get commit.template [6ms]
[2022-10-27T01:08:39.005Z] > git status -z -uall [308ms]
[2022-10-27T01:08:39.047Z] > git symbolic-ref --short HEAD [8ms]
[2022-10-27T01:08:39.089Z] > git for-each-ref --format=%(refname)%00%(upstream:short)%00%(objectname)%00%(upstream:track)%00%(upstream:remotename)%00%(upstream:remoteref) refs/heads/master refs/remotes/master [5ms]
[2022-10-27T01:08:39.163Z] > git for-each-ref --sort -committerdate --format %(refname) %(objectname) %(*objectname) [38ms]
[2022-10-27T01:08:39.167Z] > git remote --verbose [7ms]
[2022-10-27T01:08:39.266Z] > git config --get commit.template [7ms]
[2022-10-27T01:08:44.636Z] > git status -z -uall [330ms]
[2022-10-27T01:08:44.685Z] > git symbolic-ref --short HEAD [5ms]
[2022-10-27T01:08:44.729Z] > git for-each-ref --format=%(refname)%00%(upstream:short)%00%(objectname)%00%(upstream:track)%00%(upstream:remotename)%00%(upstream:remoteref) refs/heads/master refs/remotes/master [8ms]
[2022-10-27T01:08:44.811Z] > git for-each-ref --sort -committerdate --format %(refname) %(objectname) %(*objectname) [47ms]
[2022-10-27T01:08:44.812Z] > git remote --verbose [13ms]
[2022-10-27T01:08:44.919Z] > git config --get commit.template [7ms]
[2022-10-27T01:08:50.317Z] > git status -z -uall [328ms]
[2022-10-27T01:08:50.366Z] > git symbolic-ref --short HEAD [5ms]
[2022-10-27T01:08:50.414Z] > git for-each-ref --format=%(refname)%00%(upstream:short)%00%(objectname)%00%(upstream:track)%00%(upstream:remotename)%00%(upstream:remoteref) refs/heads/master refs/remotes/master [5ms]
[2022-10-27T01:08:50.527Z] > git for-each-ref --sort -committerdate --format %(refname) %(objectname) %(*objectname) [73ms]
[2022-10-27T01:08:50.528Z] > git remote --verbose [27ms]
[2022-10-27T01:08:51.163Z] > git config --get commit.template [522ms]
[2022-10-27T01:08:56.526Z] > git status -z -uall [319ms]
[2022-10-27T01:08:56.586Z] > git symbolic-ref --short HEAD [9ms]
[2022-10-27T01:08:56.669Z] > git for-each-ref --format=%(refname)%00%(upstream:short)%00%(objectname)%00%(upstream:track)%00%(upstream:remotename)%00%(upstream:remoteref) refs/heads/master refs/remotes/master [36ms]
[2022-10-27T01:08:56.735Z] > git for-each-ref --sort -committerdate --format %(refname) %(objectname) %(*objectname) [35ms]
[2022-10-27T01:08:56.738Z] > git remote --verbose [7ms]
[2022-10-27T01:08:56.853Z] > git config --get commit.template [22ms]
[2022-10-27T01:09:02.265Z] > git status -z -uall [377ms]
[2022-10-27T01:09:02.317Z] > git symbolic-ref --short HEAD [10ms]
[2022-10-27T01:09:02.372Z] > git for-each-ref --format=%(refname)%00%(upstream:short)%00%(objectname)%00%(upstream:track)%00%(upstream:remotename)%00%(upstream:remoteref) refs/heads/master refs/remotes/master [12ms]
[2022-10-27T01:09:02.438Z] > git for-each-ref --sort -committerdate --format %(refname) %(objectname) %(*objectname) [33ms]
[2022-10-27T01:09:02.440Z] > git remote --verbose [5ms]
[2022-10-27T01:09:02.549Z] > git config --get commit.template [5ms]
[2022-10-27T01:09:07.997Z] > git status -z -uall [406ms]
[2022-10-27T01:09:08.078Z] > git symbolic-ref --short HEAD [13ms]
[2022-10-27T01:09:08.133Z] > git for-each-ref --format=%(refname)%00%(upstream:short)%00%(objectname)%00%(upstream:track)%00%(upstream:remotename)%00%(upstream:remoteref) refs/heads/master refs/remotes/master [10ms]
[2022-10-27T01:09:08.246Z] > git for-each-ref --sort -committerdate --format %(refname) %(objectname) %(*objectname) [53ms]
[2022-10-27T01:09:08.250Z] > git remote --verbose [7ms]
[2022-10-27T01:09:09.070Z] > git config --get commit.template [32ms]
[2022-10-27T01:09:14.454Z] > git status -z -uall [344ms]
[2022-10-27T01:09:14.507Z] > git symbolic-ref --short HEAD [7ms]
[2022-10-27T01:09:14.545Z] > git for-each-ref --format=%(refname)%00%(upstream:short)%00%(objectname)%00%(upstream:track)%00%(upstream:remotename)%00%(upstream:remoteref) refs/heads/master refs/remotes/master [4ms]
[2022-10-27T01:09:14.617Z] > git for-each-ref --sort -committerdate --format %(refname) %(objectname) %(*objectname) [37ms]
[2022-10-27T01:09:14.620Z] > git remote --verbose [6ms]
[2022-10-27T01:09:14.723Z] > git config --get commit.template [5ms]
[2022-10-27T01:09:20.164Z] > git status -z -uall [394ms]
[2022-10-27T01:09:20.223Z] > git symbolic-ref --short HEAD [4ms]
[2022-10-27T01:09:20.276Z] > git for-each-ref --format=%(refname)%00%(upstream:short)%00%(objectname)%00%(upstream:track)%00%(upstream:remotename)%00%(upstream:remoteref) refs/heads/master refs/remotes/master [5ms]
[2022-10-27T01:09:20.360Z] > git for-each-ref --sort -committerdate --format %(refname) %(objectname) %(*objectname) [38ms]
[2022-10-27T01:09:20.362Z] > git remote --verbose [4ms]
[2022-10-27T01:09:20.971Z] > git config --get commit.template [496ms]
[2022-10-27T01:09:26.318Z] > git status -z -uall [302ms]
[2022-10-27T01:09:26.370Z] > git symbolic-ref --short HEAD [7ms]
[2022-10-27T01:09:26.426Z] > git for-each-ref --format=%(refname)%00%(upstream:short)%00%(objectname)%00%(upstream:track)%00%(upstream:remotename)%00%(upstream:remoteref) refs/heads/master refs/remotes/master [6ms]
[2022-10-27T01:09:26.519Z] > git for-each-ref --sort -committerdate --format %(refname) %(objectname) %(*objectname) [53ms]
[2022-10-27T01:09:26.519Z] > git remote --verbose [12ms]
[2022-10-27T01:09:27.101Z] > git config --get commit.template [482ms]
[2022-10-27T01:09:32.505Z] > git status -z -uall [336ms]
[2022-10-27T01:09:32.606Z] > git symbolic-ref --short HEAD [43ms]
[2022-10-27T01:09:32.642Z] > git for-each-ref --format=%(refname)%00%(upstream:short)%00%(objectname)%00%(upstream:track)%00%(upstream:remotename)%00%(upstream:remoteref) refs/heads/master refs/remotes/master [7ms]
[2022-10-27T01:09:32.708Z] > git for-each-ref --sort -committerdate --format %(refname) %(objectname) %(*objectname) [35ms]
[2022-10-27T01:09:32.711Z] > git remote --verbose [6ms]
[2022-10-27T01:09:32.819Z] > git config --get commit.template [16ms]
[2022-10-27T01:09:38.173Z] > git status -z -uall [318ms]
[2022-10-27T01:09:38.216Z] > git symbolic-ref --short HEAD [9ms]
[2022-10-27T01:09:38.253Z] > git for-each-ref --format=%(refname)%00%(upstream:short)%00%(objectname)%00%(upstream:track)%00%(upstream:remotename)%00%(upstream:remoteref) refs/heads/master refs/remotes/master [5ms]
[2022-10-27T01:09:38.313Z] > git for-each-ref --sort -committerdate --format %(refname) %(objectname) %(*objectname) [30ms]
[2022-10-27T01:09:38.316Z] > git remote --verbose [5ms]
[2022-10-27T01:09:38.962Z] > git config --get commit.template [543ms]
[2022-10-27T01:09:51.368Z] > git status -z -uall [385ms]
[2022-10-27T01:09:51.396Z] > git symbolic-ref --short HEAD [5ms]
[2022-10-27T01:09:51.425Z] > git for-each-ref --format=%(refname)%00%(upstream:short)%00%(objectname)%00%(upstream:track)%00%(upstream:remotename)%00%(upstream:remoteref) refs/heads/master refs/remotes/master [5ms]
[2022-10-27T01:09:51.475Z] > git for-each-ref --sort -committerdate --format %(refname) %(objectname) %(*objectname) [27ms]
[2022-10-27T01:09:51.478Z] > git remote --verbose [5ms]
[2022-10-27T01:09:51.603Z] > git config --get commit.template [17ms]
[2022-10-27T01:09:56.982Z] > git status -z -uall [342ms]
[2022-10-27T01:09:57.024Z] > git symbolic-ref --short HEAD [5ms]
[2022-10-27T01:09:57.058Z] > git for-each-ref --format=%(refname)%00%(upstream:short)%00%(objectname)%00%(upstream:track)%00%(upstream:remotename)%00%(upstream:remoteref) refs/heads/master refs/remotes/master [5ms]
[2022-10-27T01:09:57.118Z] > git for-each-ref --sort -committerdate --format %(refname) %(objectname) %(*objectname) [30ms]
[2022-10-27T01:09:57.122Z] > git remote --verbose [5ms]
[2022-10-27T01:09:57.230Z] > git config --get commit.template [6ms]
[2022-10-27T01:10:02.605Z] > git status -z -uall [338ms]
[2022-10-27T01:10:02.654Z] > git symbolic-ref --short HEAD [7ms]
[2022-10-27T01:10:02.690Z] > git for-each-ref --format=%(refname)%00%(upstream:short)%00%(objectname)%00%(upstream:track)%00%(upstream:remotename)%00%(upstream:remoteref) refs/heads/master refs/remotes/master [5ms]
[2022-10-27T01:10:02.756Z] > git for-each-ref --sort -committerdate --format %(refname) %(objectname) %(*objectname) [35ms]
[2022-10-27T01:10:02.760Z] > git remote --verbose [7ms]
[2022-10-27T01:10:02.865Z] > git config --get commit.template [4ms]
[2022-10-27T01:10:08.215Z] > git status -z -uall [313ms]
[2022-10-27T01:10:08.260Z] > git symbolic-ref --short HEAD [8ms]
[2022-10-27T01:10:08.304Z] > git for-each-ref --format=%(refname)%00%(upstream:short)%00%(objectname)%00%(upstream:track)%00%(upstream:remotename)%00%(upstream:remoteref) refs/heads/master refs/remotes/master [6ms]
[2022-10-27T01:10:08.373Z] > git for-each-ref --sort -committerdate --format %(refname) %(objectname) %(*objectname) [35ms]
[2022-10-27T01:10:08.376Z] > git remote --verbose [6ms]
[2022-10-27T01:10:08.479Z] > git config --get commit.template [7ms]
[2022-10-27T01:10:13.903Z] > git status -z -uall [368ms]
[2022-10-27T01:10:13.980Z] > git symbolic-ref --short HEAD [9ms]
[2022-10-27T01:10:14.066Z] > git for-each-ref --format=%(refname)%00%(upstream:short)%00%(objectname)%00%(upstream:track)%00%(upstream:remotename)%00%(upstream:remoteref) refs/heads/master refs/remotes/master [17ms]
[2022-10-27T01:10:14.151Z] > git for-each-ref --sort -committerdate --format %(refname) %(objectname) %(*objectname) [43ms]
[2022-10-27T01:10:14.155Z] > git remote --verbose [8ms]
[2022-10-27T01:10:14.791Z] > git config --get commit.template [513ms]
[2022-10-27T01:10:20.170Z] > git status -z -uall [337ms]
[2022-10-27T01:10:20.219Z] > git symbolic-ref --short HEAD [8ms]
[2022-10-27T01:10:20.276Z] > git for-each-ref --format=%(refname)%00%(upstream:short)%00%(objectname)%00%(upstream:track)%00%(upstream:remotename)%00%(upstream:remoteref) refs/heads/master refs/remotes/master [14ms]
[2022-10-27T01:10:20.352Z] > git for-each-ref --sort -committerdate --format %(refname) %(objectname) %(*objectname) [39ms]
[2022-10-27T01:10:20.355Z] > git remote --verbose [5ms]
[2022-10-27T01:10:20.460Z] > git config --get commit.template [7ms]
[2022-10-27T01:10:25.905Z] > git status -z -uall [379ms]
[2022-10-27T01:10:25.957Z] > git symbolic-ref --short HEAD [6ms]
[2022-10-27T01:10:26.002Z] > git for-each-ref --format=%(refname)%00%(upstream:short)%00%(objectname)%00%(upstream:track)%00%(upstream:remotename)%00%(upstream:remoteref) refs/heads/master refs/remotes/master [6ms]
[2022-10-27T01:10:26.089Z] > git for-each-ref --sort -committerdate --format %(refname) %(objectname) %(*objectname) [44ms]
[2022-10-27T01:10:26.098Z] > git remote --verbose [13ms]
[2022-10-27T01:10:26.212Z] > git config --get commit.template [8ms]
[2022-10-27T01:10:31.584Z] > git status -z -uall [327ms]
[2022-10-27T01:10:31.677Z] > git symbolic-ref --short HEAD [43ms]
[2022-10-27T01:10:31.714Z] > git for-each-ref --format=%(refname)%00%(upstream:short)%00%(objectname)%00%(upstream:track)%00%(upstream:remotename)%00%(upstream:remoteref) refs/heads/master refs/remotes/master [6ms]
[2022-10-27T01:10:31.785Z] > git for-each-ref --sort -committerdate --format %(refname) %(objectname) %(*objectname) [36ms]
[2022-10-27T01:10:31.789Z] > git remote --verbose [7ms]
[2022-10-27T01:10:31.900Z] > git config --get commit.template [19ms]
[2022-10-27T01:10:55.028Z] > git status -z -uall [337ms]
[2022-10-27T01:10:55.070Z] > git symbolic-ref --short HEAD [5ms]
[2022-10-27T01:10:55.112Z] > git for-each-ref --format=%(refname)%00%(upstream:short)%00%(objectname)%00%(upstream:track)%00%(upstream:remotename)%00%(upstream:remoteref) refs/heads/master refs/remotes/master [8ms]
[2022-10-27T01:10:55.177Z] > git for-each-ref --sort -committerdate --format %(refname) %(objectname) %(*objectname) [33ms]
[2022-10-27T01:10:55.180Z] > git remote --verbose [6ms]
[2022-10-27T01:10:55.288Z] > git config --get commit.template [5ms]
[2022-10-27T01:11:00.667Z] > git status -z -uall [343ms]
[2022-10-27T01:11:00.711Z] > git symbolic-ref --short HEAD [6ms]
[2022-10-27T01:11:00.752Z] > git for-each-ref --format=%(refname)%00%(upstream:short)%00%(objectname)%00%(upstream:track)%00%(upstream:remotename)%00%(upstream:remoteref) refs/heads/master refs/remotes/master [6ms]
[2022-10-27T01:11:00.821Z] > git for-each-ref --sort -committerdate --format %(refname) %(objectname) %(*objectname) [35ms]
[2022-10-27T01:11:00.826Z] > git remote --verbose [6ms]
[2022-10-27T01:11:00.932Z] > git config --get commit.template [6ms]
[2022-10-27T01:11:06.317Z] > git status -z -uall [348ms]
[2022-10-27T01:11:06.362Z] > git symbolic-ref --short HEAD [7ms]
[2022-10-27T01:11:06.403Z] > git for-each-ref --format=%(refname)%00%(upstream:short)%00%(objectname)%00%(upstream:track)%00%(upstream:remotename)%00%(upstream:remoteref) refs/heads/master refs/remotes/master [6ms]
[2022-10-27T01:11:06.474Z] > git for-each-ref --sort -committerdate --format %(refname) %(objectname) %(*objectname) [35ms]
[2022-10-27T01:11:06.477Z] > git remote --verbose [5ms]
[2022-10-27T01:11:06.585Z] > git config --get commit.template [8ms]
[2022-10-27T01:11:19.764Z] > git status -z -uall [440ms]
[2022-10-27T01:11:19.816Z] > git symbolic-ref --short HEAD [6ms]
[2022-10-27T01:11:19.863Z] > git for-each-ref --format=%(refname)%00%(upstream:short)%00%(objectname)%00%(upstream:track)%00%(upstream:remotename)%00%(upstream:remoteref) refs/heads/master refs/remotes/master [12ms]
[2022-10-27T01:11:19.968Z] > git remote --verbose [12ms]
[2022-10-27T01:11:19.968Z] > git for-each-ref --sort -committerdate --format %(refname) %(objectname) %(*objectname) [58ms]
[2022-10-27T01:11:20.730Z] > git config --get commit.template [625ms]
[2022-10-27T01:11:26.077Z] > git status -z -uall [306ms]
[2022-10-27T01:11:26.135Z] > git symbolic-ref --short HEAD [12ms]
[2022-10-27T01:11:26.190Z] > git for-each-ref --format=%(refname)%00%(upstream:short)%00%(objectname)%00%(upstream:track)%00%(upstream:remotename)%00%(upstream:remoteref) refs/heads/master refs/remotes/master [8ms]
[2022-10-27T01:11:26.269Z] > git for-each-ref --sort -committerdate --format %(refname) %(objectname) %(*objectname) [40ms]
[2022-10-27T01:11:26.272Z] > git remote --verbose [6ms]
[2022-10-27T01:11:26.380Z] > git config --get commit.template [5ms]
[2022-10-27T01:11:31.763Z] > git status -z -uall [337ms]
[2022-10-27T01:11:31.827Z] > git symbolic-ref --short HEAD [6ms]
[2022-10-27T01:11:31.906Z] > git for-each-ref --format=%(refname)%00%(upstream:short)%00%(objectname)%00%(upstream:track)%00%(upstream:remotename)%00%(upstream:remoteref) refs/heads/master refs/remotes/master [33ms]
[2022-10-27T01:11:31.970Z] > git for-each-ref --sort -committerdate --format %(refname) %(objectname) %(*objectname) [33ms]
[2022-10-27T01:11:31.973Z] > git remote --verbose [6ms]
[2022-10-27T01:11:32.560Z] > git config --get commit.template [492ms]
[2022-10-27T01:11:37.929Z] > git status -z -uall [335ms]
[2022-10-27T01:11:37.976Z] > git symbolic-ref --short HEAD [5ms]
[2022-10-27T01:11:38.032Z] > git for-each-ref --format=%(refname)%00%(upstream:short)%00%(objectname)%00%(upstream:track)%00%(upstream:remotename)%00%(upstream:remoteref) refs/heads/master refs/remotes/master [9ms]
[2022-10-27T01:11:38.100Z] > git for-each-ref --sort -committerdate --format %(refname) %(objectname) %(*objectname) [38ms]
[2022-10-27T01:11:38.103Z] > git remote --verbose [9ms]
[2022-10-27T01:11:38.224Z] > git config --get commit.template [5ms]
[2022-10-27T01:11:43.661Z] > git status -z -uall [404ms]
[2022-10-27T01:11:43.701Z] > git symbolic-ref --short HEAD [6ms]
[2022-10-27T01:11:43.750Z] > git for-each-ref --format=%(refname)%00%(upstream:short)%00%(objectname)%00%(upstream:track)%00%(upstream:remotename)%00%(upstream:remoteref) refs/heads/master refs/remotes/master [6ms]
[2022-10-27T01:11:43.837Z] > git for-each-ref --sort -committerdate --format %(refname) %(objectname) %(*objectname) [49ms]
[2022-10-27T01:11:43.840Z] > git remote --verbose [5ms]
[2022-10-27T01:11:44.506Z] > git config --get commit.template [541ms]
[2022-10-27T01:11:49.916Z] > git status -z -uall [371ms]
[2022-10-27T01:11:49.970Z] > git symbolic-ref --short HEAD [5ms]
[2022-10-27T01:11:50.035Z] > git for-each-ref --format=%(refname)%00%(upstream:short)%00%(objectname)%00%(upstream:track)%00%(upstream:remotename)%00%(upstream:remoteref) refs/heads/master refs/remotes/master [7ms]
[2022-10-27T01:11:50.125Z] > git for-each-ref --sort -committerdate --format %(refname) %(objectname) %(*objectname) [46ms]
[2022-10-27T01:11:50.135Z] > git remote --verbose [16ms]
[2022-10-27T01:11:50.831Z] > git config --get commit.template [576ms]
[2022-10-27T01:11:56.270Z] > git status -z -uall [397ms]
[2022-10-27T01:11:56.316Z] > git symbolic-ref --short HEAD [6ms]
[2022-10-27T01:11:56.381Z] > git for-each-ref --format=%(refname)%00%(upstream:short)%00%(objectname)%00%(upstream:track)%00%(upstream:remotename)%00%(upstream:remoteref) refs/heads/master refs/remotes/master [12ms]
[2022-10-27T01:11:56.459Z] > git for-each-ref --sort -committerdate --format %(refname) %(objectname) %(*objectname) [41ms]
[2022-10-27T01:11:56.462Z] > git remote --verbose [7ms]
[2022-10-27T01:11:57.110Z] > git config --get commit.template [530ms]
[2022-10-27T01:12:02.576Z] > git status -z -uall [407ms]
[2022-10-27T01:12:02.644Z] > git symbolic-ref --short HEAD [11ms]
[2022-10-27T01:12:02.706Z] > git for-each-ref --format=%(refname)%00%(upstream:short)%00%(objectname)%00%(upstream:track)%00%(upstream:remotename)%00%(upstream:remoteref) refs/heads/master refs/remotes/master [14ms]
[2022-10-27T01:12:02.803Z] > git for-each-ref --sort -committerdate --format %(refname) %(objectname) %(*objectname) [45ms]
[2022-10-27T01:12:02.806Z] > git remote --verbose [5ms]
[2022-10-27T01:12:03.467Z] > git config --get commit.template [545ms]
[2022-10-27T01:12:08.914Z] > git status -z -uall [390ms]
[2022-10-27T01:12:09.022Z] > git symbolic-ref --short HEAD [58ms]
[2022-10-27T01:12:09.078Z] > git for-each-ref --format=%(refname)%00%(upstream:short)%00%(objectname)%00%(upstream:track)%00%(upstream:remotename)%00%(upstream:remoteref) refs/heads/master refs/remotes/master [11ms]
[2022-10-27T01:12:09.164Z] > git for-each-ref --sort -committerdate --format %(refname) %(objectname) %(*objectname) [51ms]
[2022-10-27T01:12:09.167Z] > git remote --verbose [8ms]
[2022-10-27T01:12:09.866Z] > git config --get commit.template [584ms]
[2022-10-27T01:12:15.219Z] > git status -z -uall [318ms]
[2022-10-27T01:12:15.261Z] > git symbolic-ref --short HEAD [6ms]
[2022-10-27T01:12:15.299Z] > git for-each-ref --format=%(refname)%00%(upstream:short)%00%(objectname)%00%(upstream:track)%00%(upstream:remotename)%00%(upstream:remoteref) refs/heads/master refs/remotes/master [7ms]
[2022-10-27T01:12:15.356Z] > git for-each-ref --sort -committerdate --format %(refname) %(objectname) %(*objectname) [30ms]
[2022-10-27T01:12:15.360Z] > git remote --verbose [6ms]
[2022-10-27T01:12:15.463Z] > git config --get commit.template [5ms]
[2022-10-27T01:12:20.905Z] > git status -z -uall [405ms]
[2022-10-27T01:12:21.007Z] > git symbolic-ref --short HEAD [10ms]
[2022-10-27T01:12:21.080Z] > git for-each-ref --format=%(refname)%00%(upstream:short)%00%(objectname)%00%(upstream:track)%00%(upstream:remotename)%00%(upstream:remoteref) refs/heads/master refs/remotes/master [17ms]
[2022-10-27T01:12:21.194Z] > git for-each-ref --sort -committerdate --format %(refname) %(objectname) %(*objectname) [62ms]
[2022-10-27T01:12:21.206Z] > git remote --verbose [16ms]
[2022-10-27T01:12:21.965Z] > git config --get commit.template [20ms]
[2022-10-27T01:17:14.151Z] > git status -z -uall [451ms]
[2022-10-27T01:17:14.180Z] > git symbolic-ref --short HEAD [5ms]
[2022-10-27T01:17:14.212Z] > git for-each-ref --format=%(refname)%00%(upstream:short)%00%(objectname)%00%(upstream:track)%00%(upstream:remotename)%00%(upstream:remoteref) refs/heads/master refs/remotes/master [7ms]
[2022-10-27T01:17:14.266Z] > git for-each-ref --sort -committerdate --format %(refname) %(objectname) %(*objectname) [24ms]
[2022-10-27T01:17:14.271Z] > git remote --verbose [7ms]
[2022-10-27T01:17:15.047Z] > git config --get commit.template [643ms]
[2022-10-27T01:17:20.384Z] > git status -z -uall [303ms]
[2022-10-27T01:17:20.421Z] > git symbolic-ref --short HEAD [5ms]
[2022-10-27T01:17:20.470Z] > git for-each-ref --format=%(refname)%00%(upstream:short)%00%(objectname)%00%(upstream:track)%00%(upstream:remotename)%00%(upstream:remoteref) refs/heads/master refs/remotes/master [12ms]
[2022-10-27T01:17:20.530Z] > git for-each-ref --sort -committerdate --format %(refname) %(objectname) %(*objectname) [30ms]
[2022-10-27T01:17:20.533Z] > git remote --verbose [5ms]
[2022-10-27T01:17:20.647Z] > git config --get commit.template [6ms]
[2022-10-27T01:17:26.069Z] > git status -z -uall [377ms]
[2022-10-27T01:17:26.113Z] > git symbolic-ref --short HEAD [6ms]
[2022-10-27T01:17:26.160Z] > git for-each-ref --format=%(refname)%00%(upstream:short)%00%(objectname)%00%(upstream:track)%00%(upstream:remotename)%00%(upstream:remoteref) refs/heads/master refs/remotes/master [8ms]
[2022-10-27T01:17:26.232Z] > git for-each-ref --sort -committerdate --format %(refname) %(objectname) %(*objectname) [35ms]
[2022-10-27T01:17:26.235Z] > git remote --verbose [6ms]
[2022-10-27T01:17:26.977Z] > git config --get commit.template [634ms]
[2022-10-27T01:17:32.530Z] > git status -z -uall [510ms]
[2022-10-27T01:17:32.592Z] > git symbolic-ref --short HEAD [10ms]
[2022-10-27T01:17:32.665Z] > git for-each-ref --format=%(refname)%00%(upstream:short)%00%(objectname)%00%(upstream:track)%00%(upstream:remotename)%00%(upstream:remoteref) refs/heads/master refs/remotes/master [15ms]
[2022-10-27T01:17:32.787Z] > git for-each-ref --sort -committerdate --format %(refname) %(objectname) %(*objectname) [65ms]
[2022-10-27T01:17:32.793Z] > git remote --verbose [10ms]
[2022-10-27T01:17:33.642Z] > git config --get commit.template [682ms]
[2022-10-27T01:17:46.162Z] > git status -z -uall [419ms]
[2022-10-27T01:17:46.210Z] > git symbolic-ref --short HEAD [8ms]
[2022-10-27T01:17:46.255Z] > git for-each-ref --format=%(refname)%00%(upstream:short)%00%(objectname)%00%(upstream:track)%00%(upstream:remotename)%00%(upstream:remoteref) refs/heads/master refs/remotes/master [10ms]
[2022-10-27T01:17:46.336Z] > git for-each-ref --sort -committerdate --format %(refname) %(objectname) %(*objectname) [47ms]
[2022-10-27T01:17:46.339Z] > git remote --verbose [5ms]
[2022-10-27T01:17:46.457Z] > git config --get commit.template [4ms]
[2022-10-27T01:17:51.803Z] > git status -z -uall [309ms]
[2022-10-27T01:17:51.841Z] > git symbolic-ref --short HEAD [6ms]
[2022-10-27T01:17:51.886Z] > git for-each-ref --format=%(refname)%00%(upstream:short)%00%(objectname)%00%(upstream:track)%00%(upstream:remotename)%00%(upstream:remoteref) refs/heads/master refs/remotes/master [8ms]
[2022-10-27T01:17:51.965Z] > git for-each-ref --sort -committerdate --format %(refname) %(objectname) %(*objectname) [45ms]
[2022-10-27T01:17:51.968Z] > git remote --verbose [9ms]
[2022-10-27T01:17:52.646Z] > git config --get commit.template [524ms]
[2022-10-27T01:17:58.030Z] > git status -z -uall [335ms]
[2022-10-27T01:17:58.076Z] > git symbolic-ref --short HEAD [8ms]
[2022-10-27T01:17:58.117Z] > git for-each-ref --format=%(refname)%00%(upstream:short)%00%(objectname)%00%(upstream:track)%00%(upstream:remotename)%00%(upstream:remoteref) refs/heads/master refs/remotes/master [7ms]
[2022-10-27T01:17:58.183Z] > git for-each-ref --sort -committerdate --format %(refname) %(objectname) %(*objectname) [33ms]
[2022-10-27T01:17:58.186Z] > git remote --verbose [5ms]
[2022-10-27T01:17:58.848Z] > git config --get commit.template [554ms]
[2022-10-27T01:18:04.301Z] > git status -z -uall [395ms]
[2022-10-27T01:18:04.353Z] > git symbolic-ref --short HEAD [6ms]
[2022-10-27T01:18:04.408Z] > git for-each-ref --format=%(refname)%00%(upstream:short)%00%(objectname)%00%(upstream:track)%00%(upstream:remotename)%00%(upstream:remoteref) refs/heads/master refs/remotes/master [12ms]
[2022-10-27T01:18:04.485Z] > git for-each-ref --sort -committerdate --format %(refname) %(objectname) %(*objectname) [43ms]
[2022-10-27T01:18:04.489Z] > git remote --verbose [6ms]
[2022-10-27T01:18:05.086Z] > git config --get commit.template [470ms]
[2022-10-27T01:18:32.954Z] > git status -z -uall [360ms]
[2022-10-27T01:18:32.989Z] > git symbolic-ref --short HEAD [7ms]
[2022-10-27T01:18:33.026Z] > git for-each-ref --format=%(refname)%00%(upstream:short)%00%(objectname)%00%(upstream:track)%00%(upstream:remotename)%00%(upstream:remoteref) refs/heads/master refs/remotes/master [5ms]
[2022-10-27T01:18:33.099Z] > git for-each-ref --sort -committerdate --format %(refname) %(objectname) %(*objectname) [37ms]
[2022-10-27T01:18:33.101Z] > git remote --verbose [10ms]
[2022-10-27T01:18:33.830Z] > git config --get commit.template [594ms]
[2022-10-27T01:18:41.804Z] > git status -z -uall [390ms]
[2022-10-27T01:18:41.884Z] > git symbolic-ref --short HEAD [23ms]
[2022-10-27T01:18:41.956Z] > git for-each-ref --format=%(refname)%00%(upstream:short)%00%(objectname)%00%(upstream:track)%00%(upstream:remotename)%00%(upstream:remoteref) refs/heads/master refs/remotes/master [16ms]
[2022-10-27T01:18:42.030Z] > git for-each-ref --sort -committerdate --format %(refname) %(objectname) %(*objectname) [34ms]
[2022-10-27T01:18:42.035Z] > git remote --verbose [8ms]
[2022-10-27T01:18:42.669Z] > git config --get commit.template [512ms]
[2022-10-27T01:18:48.118Z] > git status -z -uall [390ms]
[2022-10-27T01:18:48.168Z] > git symbolic-ref --short HEAD [5ms]
[2022-10-27T01:18:48.217Z] > git for-each-ref --format=%(refname)%00%(upstream:short)%00%(objectname)%00%(upstream:track)%00%(upstream:remotename)%00%(upstream:remoteref) refs/heads/master refs/remotes/master [6ms]
[2022-10-27T01:18:48.309Z] > git for-each-ref --sort -committerdate --format %(refname) %(objectname) %(*objectname) [44ms]
[2022-10-27T01:18:48.316Z] > git remote --verbose [11ms]
[2022-10-27T01:18:48.960Z] > git config --get commit.template [529ms]
[2022-10-27T01:18:54.553Z] > git status -z -uall [554ms]
[2022-10-27T01:18:54.644Z] > git symbolic-ref --short HEAD [17ms]
[2022-10-27T01:18:54.721Z] > git for-each-ref --format=%(refname)%00%(upstream:short)%00%(objectname)%00%(upstream:track)%00%(upstream:remotename)%00%(upstream:remoteref) refs/heads/master refs/remotes/master [11ms]
[2022-10-27T01:18:54.863Z] > git for-each-ref --sort -committerdate --format %(refname) %(objectname) %(*objectname) [75ms]
[2022-10-27T01:18:54.876Z] > git remote --verbose [19ms]
[2022-10-27T01:18:55.756Z] > git config --get commit.template [34ms]
[2022-10-27T01:19:01.139Z] > git status -z -uall [334ms]
[2022-10-27T01:19:01.189Z] > git symbolic-ref --short HEAD [5ms]
[2022-10-27T01:19:01.244Z] > git for-each-ref --format=%(refname)%00%(upstream:short)%00%(objectname)%00%(upstream:track)%00%(upstream:remotename)%00%(upstream:remoteref) refs/heads/master refs/remotes/master [7ms]
[2022-10-27T01:19:01.345Z] > git for-each-ref --sort -committerdate --format %(refname) %(objectname) %(*objectname) [54ms]
[2022-10-27T01:19:01.350Z] > git remote --verbose [7ms]
[2022-10-27T01:19:02.004Z] > git config --get commit.template [506ms]
[2022-10-27T01:19:26.060Z] > git status -z -uall [375ms]
[2022-10-27T01:19:26.114Z] > git symbolic-ref --short HEAD [6ms]
[2022-10-27T01:19:26.177Z] > git for-each-ref --format=%(refname)%00%(upstream:short)%00%(objectname)%00%(upstream:track)%00%(upstream:remotename)%00%(upstream:remoteref) refs/heads/master refs/remotes/master [7ms]
[2022-10-27T01:19:26.275Z] > git for-each-ref --sort -committerdate --format %(refname) %(objectname) %(*objectname) [50ms]
[2022-10-27T01:19:26.286Z] > git remote --verbose [15ms]
[2022-10-27T01:19:27.040Z] > git config --get commit.template [19ms]
[2022-10-27T01:19:35.253Z] > git status -z -uall [438ms]
[2022-10-27T01:19:35.310Z] > git symbolic-ref --short HEAD [10ms]
[2022-10-27T01:19:35.364Z] > git for-each-ref --format=%(refname)%00%(upstream:short)%00%(objectname)%00%(upstream:track)%00%(upstream:remotename)%00%(upstream:remoteref) refs/heads/main refs/remotes/main [15ms]
[2022-10-27T01:19:35.461Z] > git for-each-ref --sort -committerdate --format %(refname) %(objectname) %(*objectname) [49ms]
[2022-10-27T01:19:35.468Z] > git remote --verbose [17ms]
[2022-10-27T01:19:36.162Z] > git config --get commit.template [562ms]
[2022-10-27T01:19:47.083Z] > git status -z -uall [505ms]
[2022-10-27T01:19:47.146Z] > git symbolic-ref --short HEAD [8ms]
[2022-10-27T01:19:47.199Z] > git for-each-ref --format=%(refname)%00%(upstream:short)%00%(objectname)%00%(upstream:track)%00%(upstream:remotename)%00%(upstream:remoteref) refs/heads/main refs/remotes/main [16ms]
[2022-10-27T01:19:47.292Z] > git for-each-ref --sort -committerdate --format %(refname) %(objectname) %(*objectname) [56ms]
[2022-10-27T01:19:47.295Z] > git remote --verbose [6ms]
[2022-10-27T01:19:48.204Z] > git config --get commit.template [786ms]
[2022-10-27T01:19:58.075Z] > git status -z -uall [405ms]
[2022-10-27T01:19:58.126Z] > git symbolic-ref --short HEAD [5ms]
[2022-10-27T01:19:58.175Z] > git for-each-ref --format=%(refname)%00%(upstream:short)%00%(objectname)%00%(upstream:track)%00%(upstream:remotename)%00%(upstream:remoteref) refs/heads/main refs/remotes/main [7ms]
[2022-10-27T01:19:58.267Z] > git for-each-ref --sort -committerdate --format %(refname) %(objectname) %(*objectname) [47ms]
[2022-10-27T01:19:58.274Z] > git remote --verbose [10ms]
[2022-10-27T01:19:58.890Z] > git config --get commit.template [489ms]
[2022-10-27T01:21:36.457Z] > git status -z -uall [383ms]
[2022-10-27T01:21:36.489Z] > git symbolic-ref --short HEAD [5ms]
[2022-10-27T01:21:36.533Z] > git for-each-ref --format=%(refname)%00%(upstream:short)%00%(objectname)%00%(upstream:track)%00%(upstream:remotename)%00%(upstream:remoteref) refs/heads/main refs/remotes/main [13ms]
[2022-10-27T01:21:36.600Z] > git for-each-ref --sort -committerdate --format %(refname) %(objectname) %(*objectname) [38ms]
[2022-10-27T01:21:36.605Z] > git remote --verbose [8ms]
[2022-10-27T01:21:37.448Z] > git config --get commit.template [699ms]
[2022-10-27T01:21:43.042Z] > git status -z -uall [549ms]
[2022-10-27T01:21:43.101Z] > git symbolic-ref --short HEAD [14ms]
[2022-10-27T01:21:43.190Z] > git for-each-ref --format=%(refname)%00%(upstream:short)%00%(objectname)%00%(upstream:track)%00%(upstream:remotename)%00%(upstream:remoteref) refs/heads/main refs/remotes/main [26ms]
[2022-10-27T01:21:43.291Z] > git for-each-ref --sort -committerdate --format %(refname) %(objectname) %(*objectname) [52ms]
[2022-10-27T01:21:43.296Z] > git remote --verbose [10ms]
[2022-10-27T01:21:44.085Z] > git config --get commit.template [639ms]
[2022-10-27T01:21:49.461Z] > git status -z -uall [322ms]
[2022-10-27T01:21:49.503Z] > git symbolic-ref --short HEAD [8ms]
[2022-10-27T01:21:49.545Z] > git for-each-ref --format=%(refname)%00%(upstream:short)%00%(objectname)%00%(upstream:track)%00%(upstream:remotename)%00%(upstream:remoteref) refs/heads/main refs/remotes/main [7ms]
[2022-10-27T01:21:49.610Z] > git for-each-ref --sort -committerdate --format %(refname) %(objectname) %(*objectname) [33ms]
[2022-10-27T01:21:49.612Z] > git remote --verbose [4ms]
[2022-10-27T01:21:50.321Z] > git config --get commit.template [599ms]
[2022-10-27T01:21:55.799Z] > git status -z -uall [429ms]
[2022-10-27T01:21:55.850Z] > git symbolic-ref --short HEAD [8ms]
[2022-10-27T01:21:55.907Z] > git for-each-ref --format=%(refname)%00%(upstream:short)%00%(objectname)%00%(upstream:track)%00%(upstream:remotename)%00%(upstream:remoteref) refs/heads/main refs/remotes/main [10ms]
[2022-10-27T01:21:56.012Z] > git for-each-ref --sort -committerdate --format %(refname) %(objectname) %(*objectname) [58ms]
[2022-10-27T01:21:56.015Z] > git remote --verbose [6ms]
[2022-10-27T01:21:56.705Z] > git config --get commit.template [556ms]
[2022-10-27T01:22:02.063Z] > git status -z -uall [310ms]
[2022-10-27T01:22:02.102Z] > git symbolic-ref --short HEAD [7ms]
[2022-10-27T01:22:02.147Z] > git for-each-ref --format=%(refname)%00%(upstream:short)%00%(objectname)%00%(upstream:track)%00%(upstream:remotename)%00%(upstream:remoteref) refs/heads/main refs/remotes/main [7ms]
[2022-10-27T01:22:02.236Z] > git for-each-ref --sort -committerdate --format %(refname) %(objectname) %(*objectname) [43ms]
[2022-10-27T01:22:02.239Z] > git remote --verbose [5ms]
[2022-10-27T01:22:02.920Z] > git config --get commit.template [537ms]
[2022-10-27T01:22:13.318Z] > git status -z -uall [400ms]
[2022-10-27T01:22:13.353Z] > git symbolic-ref --short HEAD [7ms]
[2022-10-27T01:22:13.389Z] > git for-each-ref --format=%(refname)%00%(upstream:short)%00%(objectname)%00%(upstream:track)%00%(upstream:remotename)%00%(upstream:remoteref) refs/heads/main refs/remotes/main [7ms]
[2022-10-27T01:22:13.455Z] > git for-each-ref --sort -committerdate --format %(refname) %(objectname) %(*objectname) [34ms]
[2022-10-27T01:22:13.458Z] > git remote --verbose [6ms]
[2022-10-27T01:22:13.571Z] > git config --get commit.template [5ms]
[2022-10-27T01:22:18.923Z] > git status -z -uall [312ms]
[2022-10-27T01:22:18.962Z] > git symbolic-ref --short HEAD [7ms]
[2022-10-27T01:22:19.006Z] > git for-each-ref --format=%(refname)%00%(upstream:short)%00%(objectname)%00%(upstream:track)%00%(upstream:remotename)%00%(upstream:remoteref) refs/heads/main refs/remotes/main [7ms]
[2022-10-27T01:22:19.076Z] > git for-each-ref --sort -committerdate --format %(refname) %(objectname) %(*objectname) [36ms]
[2022-10-27T01:22:19.081Z] > git remote --verbose [9ms]
[2022-10-27T01:22:19.804Z] > git config --get commit.template [588ms]
[2022-10-27T01:22:25.215Z] > git status -z -uall [374ms]
[2022-10-27T01:22:25.260Z] > git symbolic-ref --short HEAD [5ms]
[2022-10-27T01:22:25.297Z] > git for-each-ref --format=%(refname)%00%(upstream:short)%00%(objectname)%00%(upstream:track)%00%(upstream:remotename)%00%(upstream:remoteref) refs/heads/main refs/remotes/main [7ms]
[2022-10-27T01:22:25.361Z] > git for-each-ref --sort -committerdate --format %(refname) %(objectname) %(*objectname) [33ms]
[2022-10-27T01:22:25.364Z] > git remote --verbose [5ms]
[2022-10-27T01:22:26.092Z] > git config --get commit.template [616ms]
[2022-10-27T01:22:31.469Z] > git status -z -uall [330ms]
[2022-10-27T01:22:31.543Z] > git symbolic-ref --short HEAD [19ms]
[2022-10-27T01:22:31.606Z] > git for-each-ref --format=%(refname)%00%(upstream:short)%00%(objectname)%00%(upstream:track)%00%(upstream:remotename)%00%(upstream:remoteref) refs/heads/main refs/remotes/main [15ms]
[2022-10-27T01:22:31.711Z] > git for-each-ref --sort -committerdate --format %(refname) %(objectname) %(*objectname) [57ms]
[2022-10-27T01:22:31.717Z] > git remote --verbose [9ms]
[2022-10-27T01:22:32.504Z] > git config --get commit.template [623ms]
[2022-10-27T01:22:50.761Z] > git status -z -uall [406ms]
[2022-10-27T01:22:50.809Z] > git symbolic-ref --short HEAD [7ms]
[2022-10-27T01:22:50.857Z] > git for-each-ref --format=%(refname)%00%(upstream:short)%00%(objectname)%00%(upstream:track)%00%(upstream:remotename)%00%(upstream:remoteref) refs/heads/main refs/remotes/main [12ms]
[2022-10-27T01:22:50.923Z] > git for-each-ref --sort -committerdate --format %(refname) %(objectname) %(*objectname) [34ms]
[2022-10-27T01:22:50.928Z] > git remote --verbose [7ms]
[2022-10-27T01:22:51.038Z] > git config --get commit.template [7ms]
[2022-10-27T01:22:56.408Z] > git status -z -uall [333ms]
[2022-10-27T01:22:56.455Z] > git symbolic-ref --short HEAD [8ms]
[2022-10-27T01:22:56.503Z] > git for-each-ref --format=%(refname)%00%(upstream:short)%00%(objectname)%00%(upstream:track)%00%(upstream:remotename)%00%(upstream:remoteref) refs/heads/main refs/remotes/main [9ms]
[2022-10-27T01:22:56.570Z] > git for-each-ref --sort -committerdate --format %(refname) %(objectname) %(*objectname) [35ms]
[2022-10-27T01:22:56.573Z] > git remote --verbose [6ms]
[2022-10-27T01:22:56.679Z] > git config --get commit.template [4ms]
[2022-10-27T01:23:07.470Z] > git status -z -uall [367ms]
[2022-10-27T01:23:07.509Z] > git symbolic-ref --short HEAD [6ms]
[2022-10-27T01:23:07.549Z] > git for-each-ref --format=%(refname)%00%(upstream:short)%00%(objectname)%00%(upstream:track)%00%(upstream:remotename)%00%(upstream:remoteref) refs/heads/main refs/remotes/main [9ms]
[2022-10-27T01:23:07.626Z] > git for-each-ref --sort -committerdate --format %(refname) %(objectname) %(*objectname) [44ms]
[2022-10-27T01:23:07.630Z] > git remote --verbose [7ms]
[2022-10-27T01:23:08.277Z] > git config --get commit.template [523ms]
[2022-10-27T01:23:10.605Z] > git check-ignore -v -z --stdin [43ms]
[2022-10-27T01:23:10.615Z] > git check-ignore -v -z --stdin [12ms]
[2022-10-27T01:23:13.717Z] > git status -z -uall [395ms]
[2022-10-27T01:23:13.772Z] > git symbolic-ref --short HEAD [12ms]
[2022-10-27T01:23:13.825Z] > git for-each-ref --format=%(refname)%00%(upstream:short)%00%(objectname)%00%(upstream:track)%00%(upstream:remotename)%00%(upstream:remoteref) refs/heads/main refs/remotes/main [11ms]
[2022-10-27T01:23:13.890Z] > git for-each-ref --sort -committerdate --format %(refname) %(objectname) %(*objectname) [33ms]
[2022-10-27T01:23:13.894Z] > git remote --verbose [6ms]
[2022-10-27T01:23:14.588Z] > git config --get commit.template [589ms]
[2022-10-27T01:23:19.959Z] > git status -z -uall [334ms]
[2022-10-27T01:23:20.012Z] > git symbolic-ref --short HEAD [7ms]
[2022-10-27T01:23:20.064Z] > git for-each-ref --format=%(refname)%00%(upstream:short)%00%(objectname)%00%(upstream:track)%00%(upstream:remotename)%00%(upstream:remoteref) refs/heads/main refs/remotes/main [7ms]
[2022-10-27T01:23:20.134Z] > git for-each-ref --sort -committerdate --format %(refname) %(objectname) %(*objectname) [34ms]
[2022-10-27T01:23:20.142Z] > git remote --verbose [10ms]
[2022-10-27T01:23:20.829Z] > git config --get commit.template [567ms]
[2022-10-27T01:23:26.254Z] > git status -z -uall [384ms]
[2022-10-27T01:23:26.306Z] > git symbolic-ref --short HEAD [6ms]
[2022-10-27T01:23:26.349Z] > git for-each-ref --format=%(refname)%00%(upstream:short)%00%(objectname)%00%(upstream:track)%00%(upstream:remotename)%00%(upstream:remoteref) refs/heads/main refs/remotes/main [10ms]
[2022-10-27T01:23:26.424Z] > git for-each-ref --sort -committerdate --format %(refname) %(objectname) %(*objectname) [43ms]
[2022-10-27T01:23:26.425Z] > git remote --verbose [4ms]
[2022-10-27T01:23:27.157Z] > git config --get commit.template [592ms]
[2022-10-27T01:23:32.520Z] > git status -z -uall [326ms]
[2022-10-27T01:23:32.566Z] > git symbolic-ref --short HEAD [7ms]
[2022-10-27T01:23:32.607Z] > git for-each-ref --format=%(refname)%00%(upstream:short)%00%(objectname)%00%(upstream:track)%00%(upstream:remotename)%00%(upstream:remoteref) refs/heads/main refs/remotes/main [7ms]
[2022-10-27T01:23:32.676Z] > git for-each-ref --sort -committerdate --format %(refname) %(objectname) %(*objectname) [35ms]
[2022-10-27T01:23:32.681Z] > git remote --verbose [8ms]
[2022-10-27T01:23:32.797Z] > git config --get commit.template [4ms]
[2022-10-27T01:23:37.185Z] > git check-ignore -v -z --stdin [5ms]
[2022-10-27T01:23:38.238Z] > git status -z -uall [395ms]
[2022-10-27T01:23:38.284Z] > git symbolic-ref --short HEAD [6ms]
[2022-10-27T01:23:38.328Z] > git for-each-ref --format=%(refname)%00%(upstream:short)%00%(objectname)%00%(upstream:track)%00%(upstream:remotename)%00%(upstream:remoteref) refs/heads/main refs/remotes/main [10ms]
[2022-10-27T01:23:38.395Z] > git for-each-ref --sort -committerdate --format %(refname) %(objectname) %(*objectname) [34ms]
[2022-10-27T01:23:38.398Z] > git remote --verbose [5ms]
[2022-10-27T01:23:38.508Z] > git config --get commit.template [6ms]
[2022-10-27T01:23:43.876Z] > git status -z -uall [326ms]
[2022-10-27T01:23:43.921Z] > git symbolic-ref --short HEAD [7ms]
[2022-10-27T01:23:43.962Z] > git for-each-ref --format=%(refname)%00%(upstream:short)%00%(objectname)%00%(upstream:track)%00%(upstream:remotename)%00%(upstream:remoteref) refs/heads/main refs/remotes/main [8ms]
[2022-10-27T01:23:44.037Z] > git for-each-ref --sort -committerdate --format %(refname) %(objectname) %(*objectname) [42ms]
[2022-10-27T01:23:44.041Z] > git remote --verbose [7ms]
[2022-10-27T01:23:44.714Z] > git config --get commit.template [561ms]
[2022-10-27T01:23:45.890Z] > git show --textconv :README.md [49ms]
[2022-10-27T01:23:45.900Z] > git ls-files --stage -- /home/zeljkomaric95/README.md [20ms]
[2022-10-27T01:23:45.964Z] > git cat-file -s dbc1e5ecc2a8db751cd564d9a6bdf9d71f6a934f [17ms]
[2022-10-27T01:23:50.075Z] > git status -z -uall [321ms]
[2022-10-27T01:23:50.126Z] > git symbolic-ref --short HEAD [6ms]
[2022-10-27T01:23:50.170Z] > git for-each-ref --format=%(refname)%00%(upstream:short)%00%(objectname)%00%(upstream:track)%00%(upstream:remotename)%00%(upstream:remoteref) refs/heads/main refs/remotes/main [9ms]
[2022-10-27T01:23:50.237Z] > git for-each-ref --sort -committerdate --format %(refname) %(objectname) %(*objectname) [35ms]
[2022-10-27T01:23:50.240Z] > git remote --verbose [7ms]
[2022-10-27T01:23:51.018Z] > git config --get commit.template [619ms]
[2022-10-27T01:23:56.415Z] > git status -z -uall [351ms]
[2022-10-27T01:23:56.468Z] > git symbolic-ref --short HEAD [10ms]
[2022-10-27T01:23:56.518Z] > git for-each-ref --format=%(refname)%00%(upstream:short)%00%(objectname)%00%(upstream:track)%00%(upstream:remotename)%00%(upstream:remoteref) refs/heads/main refs/remotes/main [9ms]
[2022-10-27T01:23:56.593Z] > git for-each-ref --sort -committerdate --format %(refname) %(objectname) %(*objectname) [36ms]
[2022-10-27T01:23:56.596Z] > git remote --verbose [5ms]
[2022-10-27T01:23:56.706Z] > git config --get commit.template [4ms]
[2022-10-27T01:23:57.964Z] > git check-ignore -v -z --stdin [3ms]
[2022-10-27T01:24:02.195Z] > git status -z -uall [444ms]
[2022-10-27T01:24:02.246Z] > git symbolic-ref --short HEAD [10ms]
[2022-10-27T01:24:02.310Z] > git for-each-ref --format=%(refname)%00%(upstream:short)%00%(objectname)%00%(upstream:track)%00%(upstream:remotename)%00%(upstream:remoteref) refs/heads/main refs/remotes/main [16ms]
[2022-10-27T01:24:02.411Z] > git for-each-ref --sort -committerdate --format %(refname) %(objectname) %(*objectname) [52ms]
[2022-10-27T01:24:02.416Z] > git remote --verbose [7ms]
[2022-10-27T01:24:03.137Z] > git config --get commit.template [584ms]
[2022-10-27T01:24:08.644Z] > git status -z -uall [458ms]
[2022-10-27T01:24:08.695Z] > git symbolic-ref --short HEAD [12ms]
[2022-10-27T01:24:08.754Z] > git for-each-ref --format=%(refname)%00%(upstream:short)%00%(objectname)%00%(upstream:track)%00%(upstream:remotename)%00%(upstream:remoteref) refs/heads/main refs/remotes/main [21ms]
[2022-10-27T01:24:08.855Z] > git for-each-ref --sort -committerdate --format %(refname) %(objectname) %(*objectname) [57ms]
[2022-10-27T01:24:08.864Z] > git remote --verbose [11ms]
[2022-10-27T01:24:09.581Z] > git config --get commit.template [576ms]
[2022-10-27T01:24:13.314Z] > git show --textconv :week6class2/README.md [45ms]
[2022-10-27T01:24:13.320Z] > git ls-files --stage -- /home/zeljkomaric95/week6class2/README.md [9ms]
[2022-10-27T01:24:13.512Z] > git check-ignore -v -z --stdin [6ms]
[2022-10-27T01:24:14.957Z] > git status -z -uall [334ms]
[2022-10-27T01:24:15.017Z] > git symbolic-ref --short HEAD [8ms]
[2022-10-27T01:24:15.060Z] > git for-each-ref --format=%(refname)%00%(upstream:short)%00%(objectname)%00%(upstream:track)%00%(upstream:remotename)%00%(upstream:remoteref) refs/heads/main refs/remotes/main [8ms]
[2022-10-27T01:24:15.134Z] > git for-each-ref --sort -committerdate --format %(refname) %(objectname) %(*objectname) [41ms]
[2022-10-27T01:24:15.135Z] > git remote --verbose [5ms]
[2022-10-27T01:24:15.916Z] > git config --get commit.template [21ms]
[2022-10-27T01:24:21.344Z] > git status -z -uall [350ms]
[2022-10-27T01:24:21.472Z] > git symbolic-ref --short HEAD [38ms]
[2022-10-27T01:24:21.527Z] > git for-each-ref --format=%(refname)%00%(upstream:short)%00%(objectname)%00%(upstream:track)%00%(upstream:remotename)%00%(upstream:remoteref) refs/heads/main refs/remotes/main [12ms]
[2022-10-27T01:24:21.592Z] > git for-each-ref --sort -committerdate --format %(refname) %(objectname) %(*objectname) [34ms]
[2022-10-27T01:24:21.595Z] > git remote --verbose [6ms]
[2022-10-27T01:24:22.298Z] > git config --get commit.template [579ms]
[2022-10-27T01:24:27.689Z] > git status -z -uall [350ms]
[2022-10-27T01:24:27.731Z] > git symbolic-ref --short HEAD [8ms]
[2022-10-27T01:24:27.781Z] > git for-each-ref --format=%(refname)%00%(upstream:short)%00%(objectname)%00%(upstream:track)%00%(upstream:remotename)%00%(upstream:remoteref) refs/heads/main refs/remotes/main [10ms]
[2022-10-27T01:24:27.876Z] > git for-each-ref --sort -committerdate --format %(refname) %(objectname) %(*objectname) [47ms]
[2022-10-27T01:24:27.883Z] > git remote --verbose [11ms]
[2022-10-27T01:24:28.588Z] > git config --get commit.template [585ms]
[2022-10-27T01:24:34.110Z] > git status -z -uall [479ms]
[2022-10-27T01:24:34.160Z] > git symbolic-ref --short HEAD [5ms]
[2022-10-27T01:24:34.217Z] > git for-each-ref --format=%(refname)%00%(upstream:short)%00%(objectname)%00%(upstream:track)%00%(upstream:remotename)%00%(upstream:remoteref) refs/heads/main refs/remotes/main [16ms]
[2022-10-27T01:24:34.317Z] > git for-each-ref --sort -committerdate --format %(refname) %(objectname) %(*objectname) [47ms]
[2022-10-27T01:24:34.320Z] > git remote --verbose [6ms]
[2022-10-27T01:24:35.127Z] > git config --get commit.template [640ms]
[2022-10-27T01:24:40.724Z] > git status -z -uall [536ms]
[2022-10-27T01:24:40.808Z] > git symbolic-ref --short HEAD [31ms]
[2022-10-27T01:24:40.906Z] > git for-each-ref --format=%(refname)%00%(upstream:short)%00%(objectname)%00%(upstream:track)%00%(upstream:remotename)%00%(upstream:remoteref) refs/heads/main refs/remotes/main [11ms]
[2022-10-27T01:24:41.015Z] > git for-each-ref --sort -committerdate --format %(refname) %(objectname) %(*objectname) [52ms]
[2022-10-27T01:24:41.020Z] > git remote --verbose [9ms]
[2022-10-27T01:24:41.878Z] > git config --get commit.template [702ms]
[2022-10-27T01:24:49.765Z] > git status -z -uall [435ms]
[2022-10-27T01:24:49.837Z] > git symbolic-ref --short HEAD [30ms]
[2022-10-27T01:24:49.888Z] > git for-each-ref --format=%(refname)%00%(upstream:short)%00%(objectname)%00%(upstream:track)%00%(upstream:remotename)%00%(upstream:remoteref) refs/heads/main refs/remotes/main [8ms]
[2022-10-27T01:24:49.961Z] > git for-each-ref --sort -committerdate --format %(refname) %(objectname) %(*objectname) [38ms]
[2022-10-27T01:24:49.963Z] > git remote --verbose [5ms]
[2022-10-27T01:24:50.816Z] > git config --get commit.template [739ms]
[2022-10-27T01:24:56.165Z] > git status -z -uall [313ms]
[2022-10-27T01:24:56.203Z] > git symbolic-ref --short HEAD [6ms]
[2022-10-27T01:24:56.252Z] > git for-each-ref --format=%(refname)%00%(upstream:short)%00%(objectname)%00%(upstream:track)%00%(upstream:remotename)%00%(upstream:remoteref) refs/heads/main refs/remotes/main [6ms]
[2022-10-27T01:24:56.318Z] > git for-each-ref --sort -committerdate --format %(refname) %(objectname) %(*objectname) [33ms]
[2022-10-27T01:24:56.322Z] > git remote --verbose [6ms]
[2022-10-27T01:24:56.434Z] > git config --get commit.template [5ms]
[2022-10-27T01:25:01.822Z] > git status -z -uall [351ms]
[2022-10-27T01:25:01.872Z] > git symbolic-ref --short HEAD [7ms]
[2022-10-27T01:25:01.920Z] > git for-each-ref --format=%(refname)%00%(upstream:short)%00%(objectname)%00%(upstream:track)%00%(upstream:remotename)%00%(upstream:remoteref) refs/heads/main refs/remotes/main [7ms]
[2022-10-27T01:25:01.989Z] > git for-each-ref --sort -committerdate --format %(refname) %(objectname) %(*objectname) [37ms]
[2022-10-27T01:25:01.992Z] > git remote --verbose [9ms]
[2022-10-27T01:25:02.662Z] > git config --get commit.template [540ms]
[2022-10-27T01:25:08.056Z] > git status -z -uall [355ms]
[2022-10-27T01:25:08.112Z] > git symbolic-ref --short HEAD [8ms]
[2022-10-27T01:25:08.162Z] > git for-each-ref --format=%(refname)%00%(upstream:short)%00%(objectname)%00%(upstream:track)%00%(upstream:remotename)%00%(upstream:remoteref) refs/heads/main refs/remotes/main [7ms]
[2022-10-27T01:25:08.235Z] > git for-each-ref --sort -committerdate --format %(refname) %(objectname) %(*objectname) [35ms]
[2022-10-27T01:25:08.238Z] > git remote --verbose [6ms]
[2022-10-27T01:25:08.891Z] > git config --get commit.template [542ms]
[2022-10-27T01:25:14.257Z] > git status -z -uall [322ms]
[2022-10-27T01:25:14.302Z] > git symbolic-ref --short HEAD [6ms]
[2022-10-27T01:25:14.345Z] > git for-each-ref --format=%(refname)%00%(upstream:short)%00%(objectname)%00%(upstream:track)%00%(upstream:remotename)%00%(upstream:remoteref) refs/heads/main refs/remotes/main [8ms]
[2022-10-27T01:25:14.421Z] > git for-each-ref --sort -committerdate --format %(refname) %(objectname) %(*objectname) [45ms]
[2022-10-27T01:25:14.423Z] > git remote --verbose [5ms]
[2022-10-27T01:25:14.533Z] > git config --get commit.template [4ms]
[2022-10-27T01:25:19.887Z] > git status -z -uall [310ms]
[2022-10-27T01:25:19.938Z] > git symbolic-ref --short HEAD [8ms]
[2022-10-27T01:25:19.994Z] > git for-each-ref --format=%(refname)%00%(upstream:short)%00%(objectname)%00%(upstream:track)%00%(upstream:remotename)%00%(upstream:remoteref) refs/heads/main refs/remotes/main [12ms]
[2022-10-27T01:25:20.064Z] > git for-each-ref --sort -committerdate --format %(refname) %(objectname) %(*objectname) [35ms]
[2022-10-27T01:25:20.067Z] > git remote --verbose [6ms]
[2022-10-27T01:25:20.178Z] > git config --get commit.template [5ms]
[2022-10-27T01:25:25.583Z] > git status -z -uall [368ms]
[2022-10-27T01:25:25.630Z] > git symbolic-ref --short HEAD [8ms]
[2022-10-27T01:25:25.681Z] > git for-each-ref --format=%(refname)%00%(upstream:short)%00%(objectname)%00%(upstream:track)%00%(upstream:remotename)%00%(upstream:remoteref) refs/heads/main refs/remotes/main [11ms]
[2022-10-27T01:25:25.774Z] > git for-each-ref --sort -committerdate --format %(refname) %(objectname) %(*objectname) [46ms]
[2022-10-27T01:25:25.777Z] > git remote --verbose [7ms]
[2022-10-27T01:25:26.501Z] > git config --get commit.template [602ms]
[2022-10-27T01:25:31.897Z] > git status -z -uall [352ms]
[2022-10-27T01:25:31.945Z] > git symbolic-ref --short HEAD [6ms]
[2022-10-27T01:25:31.987Z] > git for-each-ref --format=%(refname)%00%(upstream:short)%00%(objectname)%00%(upstream:track)%00%(upstream:remotename)%00%(upstream:remoteref) refs/heads/main refs/remotes/main [8ms]
[2022-10-27T01:25:32.058Z] > git for-each-ref --sort -committerdate --format %(refname) %(objectname) %(*objectname) [37ms]
[2022-10-27T01:25:32.060Z] > git remote --verbose [4ms]
[2022-10-27T01:25:32.171Z] > git config --get commit.template [6ms]
[2022-10-27T01:25:37.515Z] > git status -z -uall [297ms]
[2022-10-27T01:25:37.559Z] > git symbolic-ref --short HEAD [6ms]
[2022-10-27T01:25:37.609Z] > git for-each-ref --format=%(refname)%00%(upstream:short)%00%(objectname)%00%(upstream:track)%00%(upstream:remotename)%00%(upstream:remoteref) refs/heads/main refs/remotes/main [7ms]
[2022-10-27T01:25:37.683Z] > git for-each-ref --sort -committerdate --format %(refname) %(objectname) %(*objectname) [38ms]
[2022-10-27T01:25:37.685Z] > git remote --verbose [5ms]
[2022-10-27T01:25:37.789Z] > git config --get commit.template [4ms]
[2022-10-27T01:25:43.156Z] > git status -z -uall [327ms]
[2022-10-27T01:25:43.202Z] > git symbolic-ref --short HEAD [7ms]
[2022-10-27T01:25:43.252Z] > git for-each-ref --format=%(refname)%00%(upstream:short)%00%(objectname)%00%(upstream:track)%00%(upstream:remotename)%00%(upstream:remoteref) refs/heads/main refs/remotes/main [7ms]
[2022-10-27T01:25:43.327Z] > git for-each-ref --sort -committerdate --format %(refname) %(objectname) %(*objectname) [37ms]
[2022-10-27T01:25:43.331Z] > git remote --verbose [8ms]
[2022-10-27T01:25:43.440Z] > git config --get commit.template [5ms]
[2022-10-27T01:25:48.827Z] > git status -z -uall [317ms]
[2022-10-27T01:25:48.876Z] > git symbolic-ref --short HEAD [8ms]
[2022-10-27T01:25:48.920Z] > git for-each-ref --format=%(refname)%00%(upstream:short)%00%(objectname)%00%(upstream:track)%00%(upstream:remotename)%00%(upstream:remoteref) refs/heads/main refs/remotes/main [6ms]
[2022-10-27T01:25:48.993Z] > git for-each-ref --sort -committerdate --format %(refname) %(objectname) %(*objectname) [39ms]
[2022-10-27T01:25:48.995Z] > git remote --verbose [6ms]
[2022-10-27T01:25:49.108Z] > git config --get commit.template [8ms]
[2022-10-27T01:25:54.481Z] > git status -z -uall [335ms]
[2022-10-27T01:25:54.531Z] > git symbolic-ref --short HEAD [7ms]
[2022-10-27T01:25:54.574Z] > git for-each-ref --format=%(refname)%00%(upstream:short)%00%(objectname)%00%(upstream:track)%00%(upstream:remotename)%00%(upstream:remoteref) refs/heads/main refs/remotes/main [7ms]
[2022-10-27T01:25:54.641Z] > git for-each-ref --sort -committerdate --format %(refname) %(objectname) %(*objectname) [34ms]
[2022-10-27T01:25:54.644Z] > git remote --verbose [5ms]
[2022-10-27T01:25:55.330Z] > git config --get commit.template [569ms]
[2022-10-27T01:26:00.696Z] > git status -z -uall [325ms]
[2022-10-27T01:26:00.742Z] > git symbolic-ref --short HEAD [6ms]
[2022-10-27T01:26:00.786Z] > git for-each-ref --format=%(refname)%00%(upstream:short)%00%(objectname)%00%(upstream:track)%00%(upstream:remotename)%00%(upstream:remoteref) refs/heads/main refs/remotes/main [7ms]
[2022-10-27T01:26:00.860Z] > git for-each-ref --sort -committerdate --format %(refname) %(objectname) %(*objectname) [37ms]
[2022-10-27T01:26:00.862Z] > git remote --verbose [4ms]
[2022-10-27T01:26:00.965Z] > git config --get commit.template [5ms]
[2022-10-27T01:26:06.342Z] > git status -z -uall [338ms]
[2022-10-27T01:26:06.390Z] > git symbolic-ref --short HEAD [5ms]
[2022-10-27T01:26:06.432Z] > git for-each-ref --format=%(refname)%00%(upstream:short)%00%(objectname)%00%(upstream:track)%00%(upstream:remotename)%00%(upstream:remoteref) refs/heads/main refs/remotes/main [6ms]
[2022-10-27T01:26:06.518Z] > git for-each-ref --sort -committerdate --format %(refname) %(objectname) %(*objectname) [48ms]
[2022-10-27T01:26:06.521Z] > git remote --verbose [6ms]
[2022-10-27T01:26:07.184Z] > git config --get commit.template [535ms]
[2022-10-27T01:26:12.600Z] > git status -z -uall [366ms]
[2022-10-27T01:26:12.647Z] > git symbolic-ref --short HEAD [9ms]
[2022-10-27T01:26:12.686Z] > git for-each-ref --format=%(refname)%00%(upstream:short)%00%(objectname)%00%(upstream:track)%00%(upstream:remotename)%00%(upstream:remoteref) refs/heads/main refs/remotes/main [7ms]
[2022-10-27T01:26:12.768Z] > git for-each-ref --sort -committerdate --format %(refname) %(objectname) %(*objectname) [49ms]
[2022-10-27T01:26:12.770Z] > git remote --verbose [5ms]
[2022-10-27T01:26:13.564Z] > git config --get commit.template [605ms]
[2022-10-27T01:26:19.092Z] > git status -z -uall [475ms]
[2022-10-27T01:26:19.132Z] > git symbolic-ref --short HEAD [5ms]
[2022-10-27T01:26:19.172Z] > git for-each-ref --format=%(refname)%00%(upstream:short)%00%(objectname)%00%(upstream:track)%00%(upstream:remotename)%00%(upstream:remoteref) refs/heads/main refs/remotes/main [8ms]
[2022-10-27T01:26:19.242Z] > git for-each-ref --sort -committerdate --format %(refname) %(objectname) %(*objectname) [37ms]
[2022-10-27T01:26:19.245Z] > git remote --verbose [6ms]
[2022-10-27T01:26:19.959Z] > git config --get commit.template [604ms]
[2022-10-27T01:26:25.433Z] > git status -z -uall [420ms]
[2022-10-27T01:26:25.484Z] > git symbolic-ref --short HEAD [8ms]
[2022-10-27T01:26:25.545Z] > git for-each-ref --format=%(refname)%00%(upstream:short)%00%(objectname)%00%(upstream:track)%00%(upstream:remotename)%00%(upstream:remoteref) refs/heads/main refs/remotes/main [12ms]
[2022-10-27T01:26:25.629Z] > git for-each-ref --sort -committerdate --format %(refname) %(objectname) %(*objectname) [41ms]
[2022-10-27T01:26:25.634Z] > git remote --verbose [7ms]
[2022-10-27T01:26:26.349Z] > git config --get commit.template [604ms]
[2022-10-27T01:26:31.816Z] > git status -z -uall [414ms]
[2022-10-27T01:26:31.871Z] > git symbolic-ref --short HEAD [6ms]
[2022-10-27T01:26:31.925Z] > git for-each-ref --format=%(refname)%00%(upstream:short)%00%(objectname)%00%(upstream:track)%00%(upstream:remotename)%00%(upstream:remoteref) refs/heads/main refs/remotes/main [9ms]
[2022-10-27T01:26:32.021Z] > git for-each-ref --sort -committerdate --format %(refname) %(objectname) %(*objectname) [57ms]
[2022-10-27T01:26:32.033Z] > git remote --verbose [17ms]
[2022-10-27T01:26:32.791Z] > git config --get commit.template [621ms]
[2022-10-27T01:26:38.327Z] > git status -z -uall [479ms]
[2022-10-27T01:26:38.395Z] > git symbolic-ref --short HEAD [10ms]
[2022-10-27T01:26:38.453Z] > git for-each-ref --format=%(refname)%00%(upstream:short)%00%(objectname)%00%(upstream:track)%00%(upstream:remotename)%00%(upstream:remoteref) refs/heads/main refs/remotes/main [12ms]
[2022-10-27T01:26:38.559Z] > git for-each-ref --sort -committerdate --format %(refname) %(objectname) %(*objectname) [55ms]
[2022-10-27T01:26:38.574Z] > git remote --verbose [20ms]
[2022-10-27T01:26:39.333Z] > git config --get commit.template [629ms]
[2022-10-27T01:26:44.714Z] > git status -z -uall [333ms]
[2022-10-27T01:26:44.780Z] > git symbolic-ref --short HEAD [18ms]
[2022-10-27T01:26:44.860Z] > git for-each-ref --format=%(refname)%00%(upstream:short)%00%(objectname)%00%(upstream:track)%00%(upstream:remotename)%00%(upstream:remoteref) refs/heads/main refs/remotes/main [30ms]
[2022-10-27T01:26:44.993Z] > git for-each-ref --sort -committerdate --format %(refname) %(objectname) %(*objectname) [83ms]
[2022-10-27T01:26:45.000Z] > git remote --verbose [13ms]
[2022-10-27T01:26:45.760Z] > git config --get commit.template [37ms]
[2022-10-27T01:26:51.136Z] > git status -z -uall [335ms]
[2022-10-27T01:26:51.186Z] > git symbolic-ref --short HEAD [13ms]
[2022-10-27T01:26:51.230Z] > git for-each-ref --format=%(refname)%00%(upstream:short)%00%(objectname)%00%(upstream:track)%00%(upstream:remotename)%00%(upstream:remoteref) refs/heads/main refs/remotes/main [8ms]
[2022-10-27T01:26:51.300Z] > git for-each-ref --sort -committerdate --format %(refname) %(objectname) %(*objectname) [35ms]
[2022-10-27T01:26:51.305Z] > git remote --verbose [8ms]
[2022-10-27T01:26:51.417Z] > git config --get commit.template [6ms]
[2022-10-27T01:26:56.791Z] > git status -z -uall [338ms]
[2022-10-27T01:26:56.833Z] > git symbolic-ref --short HEAD [4ms]
[2022-10-27T01:26:56.876Z] > git for-each-ref --format=%(refname)%00%(upstream:short)%00%(objectname)%00%(upstream:track)%00%(upstream:remotename)%00%(upstream:remoteref) refs/heads/main refs/remotes/main [8ms]
[2022-10-27T01:26:56.946Z] > git for-each-ref --sort -committerdate --format %(refname) %(objectname) %(*objectname) [36ms]
[2022-10-27T01:26:56.948Z] > git remote --verbose [5ms]
[2022-10-27T01:26:57.712Z] > git config --get commit.template [629ms]
[2022-10-27T01:27:03.185Z] > git status -z -uall [421ms]
[2022-10-27T01:27:03.247Z] > git symbolic-ref --short HEAD [14ms]
[2022-10-27T01:27:03.322Z] > git for-each-ref --format=%(refname)%00%(upstream:short)%00%(objectname)%00%(upstream:track)%00%(upstream:remotename)%00%(upstream:remoteref) refs/heads/main refs/remotes/main [10ms]
[2022-10-27T01:27:03.420Z] > git for-each-ref --sort -committerdate --format %(refname) %(objectname) %(*objectname) [51ms]
[2022-10-27T01:27:03.424Z] > git remote --verbose [7ms]
[2022-10-27T01:27:04.201Z] > git config --get commit.template [651ms]
[2022-10-27T01:27:09.717Z] > git status -z -uall [467ms]
[2022-10-27T01:27:09.768Z] > git symbolic-ref --short HEAD [6ms]
[2022-10-27T01:27:09.824Z] > git for-each-ref --format=%(refname)%00%(upstream:short)%00%(objectname)%00%(upstream:track)%00%(upstream:remotename)%00%(upstream:remoteref) refs/heads/main refs/remotes/main [9ms]
[2022-10-27T01:27:09.925Z] > git for-each-ref --sort -committerdate --format %(refname) %(objectname) %(*objectname) [46ms]
[2022-10-27T01:27:09.929Z] > git remote --verbose [10ms]
[2022-10-27T01:27:10.749Z] > git config --get commit.template [690ms]
[2022-10-27T01:27:16.296Z] > git status -z -uall [490ms]
[2022-10-27T01:27:16.348Z] > git symbolic-ref --short HEAD [6ms]
[2022-10-27T01:27:16.407Z] > git for-each-ref --format=%(refname)%00%(upstream:short)%00%(objectname)%00%(upstream:track)%00%(upstream:remotename)%00%(upstream:remoteref) refs/heads/main refs/remotes/main [12ms]
[2022-10-27T01:27:16.507Z] > git for-each-ref --sort -committerdate --format %(refname) %(objectname) %(*objectname) [51ms]
[2022-10-27T01:27:16.514Z] > git remote --verbose [11ms]
[2022-10-27T01:27:17.269Z] > git config --get commit.template [609ms]
[2022-10-27T01:27:18.905Z] > git status -z -uall [35ms]
[2022-10-27T01:27:18.967Z] > git symbolic-ref --short HEAD [6ms]
[2022-10-27T01:27:18.967Z] fatal: ref HEAD is not a symbolic ref
[2022-10-27T01:27:19.038Z] > git rev-parse HEAD [16ms]
[2022-10-27T01:27:19.120Z] > git for-each-ref --sort -committerdate --format %(refname) %(objectname) %(*objectname) [46ms]
[2022-10-27T01:27:19.122Z] > git remote --verbose [4ms]
[2022-10-27T01:27:19.162Z] > git config --get commit.template [4ms]
[2022-10-27T01:27:19.590Z] > git ls-files --stage -- /home/zeljkomaric95/week6class2/README.md [36ms]
[2022-10-27T01:27:19.643Z] > git cat-file -s dbc1e5ecc2a8db751cd564d9a6bdf9d71f6a934f [6ms]
[2022-10-27T01:27:19.695Z] > git show --textconv :week6class2/README.md [11ms]
[2022-10-27T01:27:22.785Z] > git status -z -uall [464ms]
[2022-10-27T01:27:22.829Z] > git symbolic-ref --short HEAD [10ms]
[2022-10-27T01:27:22.894Z] > git for-each-ref --format=%(refname)%00%(upstream:short)%00%(objectname)%00%(upstream:track)%00%(upstream:remotename)%00%(upstream:remoteref) refs/heads/main refs/remotes/main [13ms]
[2022-10-27T01:27:22.990Z] > git for-each-ref --sort -committerdate --format %(refname) %(objectname) %(*objectname) [45ms]
[2022-10-27T01:27:22.993Z] > git remote --verbose [5ms]
[2022-10-27T01:27:23.733Z] > git config --get commit.template [623ms]
[2022-10-27T01:27:29.312Z] > git status -z -uall [536ms]
[2022-10-27T01:27:29.363Z] > git symbolic-ref --short HEAD [7ms]
[2022-10-27T01:27:29.420Z] > git for-each-ref --format=%(refname)%00%(upstream:short)%00%(objectname)%00%(upstream:track)%00%(upstream:remotename)%00%(upstream:remoteref) refs/heads/main refs/remotes/main [16ms]
[2022-10-27T01:27:29.516Z] > git for-each-ref --sort -committerdate --format %(refname) %(objectname) %(*objectname) [48ms]
[2022-10-27T01:27:29.518Z] > git remote --verbose [4ms]
[2022-10-27T01:27:30.278Z] > git config --get commit.template [643ms]
[2022-10-27T01:27:33.369Z] > git ls-files --stage -- /home/zeljkomaric95/week6class2/README.md [18ms]
[2022-10-27T01:27:33.411Z] > git cat-file -s dbc1e5ecc2a8db751cd564d9a6bdf9d71f6a934f [5ms]
[2022-10-27T01:27:33.465Z] > git show --textconv :week6class2/README.md [9ms]
[2022-10-27T01:27:35.714Z] > git status -z -uall [395ms]
[2022-10-27T01:27:35.756Z] > git symbolic-ref --short HEAD [6ms]
[2022-10-27T01:27:35.799Z] > git for-each-ref --format=%(refname)%00%(upstream:short)%00%(objectname)%00%(upstream:track)%00%(upstream:remotename)%00%(upstream:remoteref) refs/heads/main refs/remotes/main [8ms]
[2022-10-27T01:27:35.872Z] > git for-each-ref --sort -committerdate --format %(refname) %(objectname) %(*objectname) [38ms]
[2022-10-27T01:27:35.877Z] > git remote --verbose [8ms]
[2022-10-27T01:27:35.986Z] > git config --get commit.template [5ms]
[2022-10-27T01:27:41.584Z] > git status -z -uall [547ms]
[2022-10-27T01:27:41.670Z] > git symbolic-ref --short HEAD [9ms]
[2022-10-27T01:27:41.714Z] > git for-each-ref --format=%(refname)%00%(upstream:short)%00%(objectname)%00%(upstream:track)%00%(upstream:remotename)%00%(upstream:remoteref) refs/heads/main refs/remotes/main [7ms]
[2022-10-27T01:27:41.790Z] > git for-each-ref --sort -committerdate --format %(refname) %(objectname) %(*objectname) [42ms]
[2022-10-27T01:27:41.792Z] > git remote --verbose [5ms]
[2022-10-27T01:27:42.516Z] > git config --get commit.template [608ms]
[2022-10-27T01:27:47.960Z] > git status -z -uall [405ms]
[2022-10-27T01:27:48.004Z] > git symbolic-ref --short HEAD [6ms]
[2022-10-27T01:27:48.048Z] > git for-each-ref --format=%(refname)%00%(upstream:short)%00%(objectname)%00%(upstream:track)%00%(upstream:remotename)%00%(upstream:remoteref) refs/heads/main refs/remotes/main [9ms]
[2022-10-27T01:27:48.122Z] > git for-each-ref --sort -committerdate --format %(refname) %(objectname) %(*objectname) [38ms]
[2022-10-27T01:27:48.125Z] > git remote --verbose [5ms]
[2022-10-27T01:27:48.720Z] > git config --get commit.template [487ms]
[2022-10-27T01:27:54.072Z] > git check-ignore -v -z --stdin [23ms]
[2022-10-27T01:27:54.396Z] > git status -z -uall [610ms]
[2022-10-27T01:27:54.447Z] > git symbolic-ref --short HEAD [6ms]
[2022-10-27T01:27:54.519Z] > git for-each-ref --format=%(refname)%00%(upstream:short)%00%(objectname)%00%(upstream:track)%00%(upstream:remotename)%00%(upstream:remoteref) refs/heads/main refs/remotes/main [13ms]
[2022-10-27T01:27:54.649Z] > git remote --verbose [18ms]
[2022-10-27T01:27:54.650Z] > git for-each-ref --sort -committerdate --format %(refname) %(objectname) %(*objectname) [66ms]
[2022-10-27T01:27:55.515Z] > git config --get commit.template [631ms]
[2022-10-27T01:28:01.080Z] > git status -z -uall [498ms]
[2022-10-27T01:28:01.146Z] > git symbolic-ref --short HEAD [4ms]
[2022-10-27T01:28:01.225Z] > git for-each-ref --format=%(refname)%00%(upstream:short)%00%(objectname)%00%(upstream:track)%00%(upstream:remotename)%00%(upstream:remoteref) refs/heads/main refs/remotes/main [12ms]
[2022-10-27T01:28:01.335Z] > git for-each-ref --sort -committerdate --format %(refname) %(objectname) %(*objectname) [57ms]
[2022-10-27T01:28:01.337Z] > git remote --verbose [5ms]
[2022-10-27T01:28:02.150Z] > git config --get commit.template [676ms]
[2022-10-27T01:28:07.676Z] > git status -z -uall [461ms]
[2022-10-27T01:28:07.727Z] > git symbolic-ref --short HEAD [5ms]
[2022-10-27T01:28:07.782Z] > git for-each-ref --format=%(refname)%00%(upstream:short)%00%(objectname)%00%(upstream:track)%00%(upstream:remotename)%00%(upstream:remoteref) refs/heads/main refs/remotes/main [9ms]
[2022-10-27T01:28:07.900Z] > git for-each-ref --sort -committerdate --format %(refname) %(objectname) %(*objectname) [63ms]
[2022-10-27T01:28:07.907Z] > git remote --verbose [10ms]
[2022-10-27T01:28:08.736Z] > git config --get commit.template [633ms]
[2022-10-27T01:28:14.321Z] > git status -z -uall [533ms]
[2022-10-27T01:28:14.380Z] > git symbolic-ref --short HEAD [5ms]
[2022-10-27T01:28:14.435Z] > git for-each-ref --format=%(refname)%00%(upstream:short)%00%(objectname)%00%(upstream:track)%00%(upstream:remotename)%00%(upstream:remoteref) refs/heads/main refs/remotes/main [10ms]
[2022-10-27T01:28:14.562Z] > git for-each-ref --sort -committerdate --format %(refname) %(objectname) %(*objectname) [71ms]
[2022-10-27T01:28:14.569Z] > git remote --verbose [11ms]
[2022-10-27T01:28:15.294Z] > git config --get commit.template [584ms]
[2022-10-27T01:28:20.825Z] > git status -z -uall [471ms]
[2022-10-27T01:28:20.881Z] > git symbolic-ref --short HEAD [5ms]
[2022-10-27T01:28:20.948Z] > git for-each-ref --format=%(refname)%00%(upstream:short)%00%(objectname)%00%(upstream:track)%00%(upstream:remotename)%00%(upstream:remoteref) refs/heads/main refs/remotes/main [10ms]
[2022-10-27T01:28:21.072Z] > git for-each-ref --sort -committerdate --format %(refname) %(objectname) %(*objectname) [56ms]
[2022-10-27T01:28:21.074Z] > git remote --verbose [4ms]
[2022-10-27T01:28:21.702Z] > git config --get commit.template [510ms]
[2022-10-27T01:28:27.178Z] > git status -z -uall [429ms]
[2022-10-27T01:28:27.241Z] > git symbolic-ref --short HEAD [9ms]
[2022-10-27T01:28:27.306Z] > git for-each-ref --format=%(refname)%00%(upstream:short)%00%(objectname)%00%(upstream:track)%00%(upstream:remotename)%00%(upstream:remoteref) refs/heads/main refs/remotes/main [9ms]
[2022-10-27T01:28:27.417Z] > git for-each-ref --sort -committerdate --format %(refname) %(objectname) %(*objectname) [59ms]
[2022-10-27T01:28:27.419Z] > git remote --verbose [4ms]
[2022-10-27T01:28:28.015Z] > git config --get commit.template [481ms]
[2022-10-27T01:28:33.693Z] > git status -z -uall [631ms]
[2022-10-27T01:28:33.741Z] > git symbolic-ref --short HEAD [6ms]
[2022-10-27T01:28:33.793Z] > git for-each-ref --format=%(refname)%00%(upstream:short)%00%(objectname)%00%(upstream:track)%00%(upstream:remotename)%00%(upstream:remoteref) refs/heads/main refs/remotes/main [10ms]
[2022-10-27T01:28:33.882Z] > git for-each-ref --sort -committerdate --format %(refname) %(objectname) %(*objectname) [45ms]
[2022-10-27T01:28:33.884Z] > git remote --verbose [5ms]
[2022-10-27T01:28:34.521Z] > git config --get commit.template [518ms]
[2022-10-27T01:28:34.730Z] > git ls-files --stage -- /home/zeljkomaric95/week6class2/README.md [50ms]
[2022-10-27T01:28:34.777Z] > git cat-file -s dbc1e5ecc2a8db751cd564d9a6bdf9d71f6a934f [4ms]
[2022-10-27T01:28:34.837Z] > git show --textconv :week6class2/README.md [10ms]
[2022-10-27T01:28:39.955Z] > git status -z -uall [387ms]
[2022-10-27T01:28:40.004Z] > git symbolic-ref --short HEAD [5ms]
[2022-10-27T01:28:40.053Z] > git for-each-ref --format=%(refname)%00%(upstream:short)%00%(objectname)%00%(upstream:track)%00%(upstream:remotename)%00%(upstream:remoteref) refs/heads/main refs/remotes/main [9ms]
[2022-10-27T01:28:40.141Z] > git for-each-ref --sort -committerdate --format %(refname) %(objectname) %(*objectname) [44ms]
[2022-10-27T01:28:40.144Z] > git remote --verbose [4ms]
[2022-10-27T01:28:40.266Z] > git config --get commit.template [16ms]
[2022-10-27T01:28:45.714Z] > git status -z -uall [398ms]
[2022-10-27T01:28:45.763Z] > git symbolic-ref --short HEAD [5ms]
[2022-10-27T01:28:45.817Z] > git for-each-ref --format=%(refname)%00%(upstream:short)%00%(objectname)%00%(upstream:track)%00%(upstream:remotename)%00%(upstream:remoteref) refs/heads/main refs/remotes/main [7ms]
[2022-10-27T01:28:45.910Z] > git for-each-ref --sort -committerdate --format %(refname) %(objectname) %(*objectname) [47ms]
[2022-10-27T01:28:45.914Z] > git remote --verbose [8ms]
[2022-10-27T01:28:46.522Z] > git config --get commit.template [500ms]
[2022-10-27T01:28:51.974Z] > git status -z -uall [405ms]
[2022-10-27T01:28:52.026Z] > git symbolic-ref --short HEAD [6ms]
[2022-10-27T01:28:52.089Z] > git for-each-ref --format=%(refname)%00%(upstream:short)%00%(objectname)%00%(upstream:track)%00%(upstream:remotename)%00%(upstream:remoteref) refs/heads/main refs/remotes/main [14ms]
[2022-10-27T01:28:52.190Z] > git for-each-ref --sort -committerdate --format %(refname) %(objectname) %(*objectname) [51ms]
[2022-10-27T01:28:52.193Z] > git remote --verbose [5ms]
[2022-10-27T01:28:52.803Z] > git config --get commit.template [490ms]
[2022-10-27T01:28:58.315Z] > git status -z -uall [449ms]
[2022-10-27T01:28:58.374Z] > git symbolic-ref --short HEAD [5ms]
[2022-10-27T01:28:58.431Z] > git for-each-ref --format=%(refname)%00%(upstream:short)%00%(objectname)%00%(upstream:track)%00%(upstream:remotename)%00%(upstream:remoteref) refs/heads/main refs/remotes/main [7ms]
[2022-10-27T01:28:58.549Z] > git for-each-ref --sort -committerdate --format %(refname) %(objectname) %(*objectname) [66ms]
[2022-10-27T01:28:58.554Z] > git remote --verbose [7ms]
[2022-10-27T01:28:59.308Z] > git config --get commit.template [583ms]
[2022-10-27T01:29:04.883Z] > git status -z -uall [506ms]
[2022-10-27T01:29:04.991Z] > git symbolic-ref --short HEAD [9ms]
[2022-10-27T01:29:05.068Z] > git for-each-ref --format=%(refname)%00%(upstream:short)%00%(objectname)%00%(upstream:track)%00%(upstream:remotename)%00%(upstream:remoteref) refs/heads/main refs/remotes/main [10ms]
[2022-10-27T01:29:05.178Z] > git for-each-ref --sort -committerdate --format %(refname) %(objectname) %(*objectname) [53ms]
[2022-10-27T01:29:05.181Z] > git remote --verbose [5ms]
[2022-10-27T01:29:05.812Z] > git config --get commit.template [512ms]
[2022-10-27T01:29:11.263Z] > git status -z -uall [404ms]
[2022-10-27T01:29:11.315Z] > git symbolic-ref --short HEAD [7ms]
[2022-10-27T01:29:11.369Z] > git for-each-ref --format=%(refname)%00%(upstream:short)%00%(objectname)%00%(upstream:track)%00%(upstream:remotename)%00%(upstream:remoteref) refs/heads/main refs/remotes/main [12ms]
[2022-10-27T01:29:11.456Z] > git for-each-ref --sort -committerdate --format %(refname) %(objectname) %(*objectname) [45ms]
[2022-10-27T01:29:11.459Z] > git remote --verbose [5ms]
[2022-10-27T01:29:12.120Z] > git config --get commit.template [547ms]
[2022-10-27T01:29:17.574Z] > git status -z -uall [403ms]
[2022-10-27T01:29:17.627Z] > git symbolic-ref --short HEAD [8ms]
[2022-10-27T01:29:17.680Z] > git for-each-ref --format=%(refname)%00%(upstream:short)%00%(objectname)%00%(upstream:track)%00%(upstream:remotename)%00%(upstream:remoteref) refs/heads/main refs/remotes/main [9ms]
[2022-10-27T01:29:17.771Z] > git for-each-ref --sort -committerdate --format %(refname) %(objectname) %(*objectname) [48ms]
[2022-10-27T01:29:17.777Z] > git remote --verbose [11ms]
[2022-10-27T01:29:18.391Z] > git config --get commit.template [502ms]
[2022-10-27T01:29:23.858Z] > git status -z -uall [421ms]
[2022-10-27T01:29:23.948Z] > git symbolic-ref --short HEAD [15ms]
[2022-10-27T01:29:24.063Z] > git for-each-ref --format=%(refname)%00%(upstream:short)%00%(objectname)%00%(upstream:track)%00%(upstream:remotename)%00%(upstream:remoteref) refs/heads/main refs/remotes/main [30ms]
[2022-10-27T01:29:24.229Z] > git for-each-ref --sort -committerdate --format %(refname) %(objectname) %(*objectname) [79ms]
[2022-10-27T01:29:24.242Z] > git remote --verbose [19ms]
[2022-10-27T01:29:25.032Z] > git config --get commit.template [599ms]
[2022-10-27T01:30:40.305Z] > git status -z -uall [589ms]
[2022-10-27T01:30:40.345Z] > git symbolic-ref --short HEAD [7ms]
[2022-10-27T01:30:40.394Z] > git for-each-ref --format=%(refname)%00%(upstream:short)%00%(objectname)%00%(upstream:track)%00%(upstream:remotename)%00%(upstream:remoteref) refs/heads/main refs/remotes/main [13ms]
[2022-10-27T01:30:40.465Z] > git for-each-ref --sort -committerdate --format %(refname) %(objectname) %(*objectname) [39ms]
[2022-10-27T01:30:40.468Z] > git remote --verbose [5ms]
[2022-10-27T01:30:41.339Z] > git config --get commit.template [721ms]
[2022-10-27T01:30:46.799Z] > git status -z -uall [420ms]
[2022-10-27T01:30:46.838Z] > git symbolic-ref --short HEAD [8ms]
[2022-10-27T01:30:46.876Z] > git for-each-ref --format=%(refname)%00%(upstream:short)%00%(objectname)%00%(upstream:track)%00%(upstream:remotename)%00%(upstream:remoteref) refs/heads/main refs/remotes/main [6ms]
[2022-10-27T01:30:46.950Z] > git for-each-ref --sort -committerdate --format %(refname) %(objectname) %(*objectname) [38ms]
[2022-10-27T01:30:46.955Z] > git remote --verbose [9ms]
[2022-10-27T01:30:47.597Z] > git config --get commit.template [521ms]
